INFO:root:La ressource oai:crdo.vjf.cnrs.fr:crdo-MYA_003_ZHC_IMG ne contient pas de fichier d'annotations
INFO:root:La ressource oai:crdo.vjf.cnrs.fr:crdo-MYA_004_PL_SOUND ne contient pas de fichier d'annotations
INFO:root:La ressource oai:crdo.vjf.cnrs.fr:crdo-TYJ_EFEO_MS_TH9_COMREAD5_SOUND ne contient pas de fichier d'annotations
INFO:root:La ressource oai:crdo.vjf.cnrs.fr:crdo-MYA_004_PL_IMG ne contient pas de fichier d'annotations
INFO:root:La ressource oai:crdo.vjf.cnrs.fr:crdo-MYA_005_PAGODE_SOUND ne contient pas de fichier d'annotations
INFO:root:La ressource oai:crdo.vjf.cnrs.fr:crdo-MYA_005_PAGODE_IMG ne contient pas de fichier d'annotations
INFO:root:La ressource oai:crdo.vjf.cnrs.fr:crdo-MYA_006_ROI_SOUND ne contient pas de fichier d'annotations
INFO:root:La ressource oai:crdo.vjf.cnrs.fr:crdo-MYA_006_ROI_IMG ne contient pas de fichier d'annotations
INFO:root:La ressource oai:crdo.vjf.cnrs.fr:crdo-MYA_007_MYINKABA1_SOUND ne contient pas de fichier d'annotations
INFO:root:La ressource oai:crdo.vjf.cnrs.fr:crdo-MYA_007_MYINKABA1_IMG ne contient pas de fichier d'annotations
INFO:root:La ressource oai:crdo.vjf.cnrs.fr:crdo-MYA_008_MYINKABA2_IMG ne contient pas de fichier d'annotations
INFO:root:La ressource oai:crdo.vjf.cnrs.fr:crdo-NEP_DAURE_SOUND ne contient pas de fichier d'annotations
INFO:root:La ressource oai:crdo.vjf.cnrs.fr:crdo-NGE_FOURMI_SOUND ne contient pas de fichier d'annotations
INFO:root:La ressource oai:crdo.vjf.cnrs.fr:crdo-NGE_HOUSE_SOUND ne contient pas de fichier d'annotations
INFO:root:La ressource oai:crdo.vjf.cnrs.fr:crdo-LHU_LAHU_JM_20_SOUND ne contient pas de fichier d'annotations
INFO:root:La ressource oai:crdo.vjf.cnrs.fr:crdo-AJI_IGNAME_SOUND ne contient pas de fichier d'annotations
INFO:root:La ressource oai:crdo.vjf.cnrs.fr:crdo-TAJ_MOINEAU_SOUND ne contient pas de fichier d'annotations
INFO:root:La ressource oai:crdo.vjf.cnrs.fr:crdo-TAJ_ORIGTAM_SOUND ne contient pas de fichier d'annotations
INFO:root:La ressource oai:crdo.vjf.cnrs.fr:crdo-UBY_POISSON_SOUND ne contient pas de fichier d'annotations
INFO:root:La ressource oai:crdo.vjf.cnrs.fr:crdo-UBY_POISSON_IMG ne contient pas de fichier d'annotations
INFO:root:La ressource oai:crdo.vjf.cnrs.fr:crdo-UBY_POISSON_IMG2 ne contient pas de fichier d'annotations
INFO:root:La ressource oai:crdo.vjf.cnrs.fr:crdo-UBY_CHEVRE_SOUND ne contient pas de fichier d'annotations
INFO:root:La ressource oai:crdo.vjf.cnrs.fr:crdo-UBY_CHEVRE_IMG ne contient pas de fichier d'annotations
INFO:root:La ressource oai:crdo.vjf.cnrs.fr:crdo-UBY_FIN_DU_MONDE_SOUND ne contient pas de fichier d'annotations
INFO:root:La ressource oai:crdo.vjf.cnrs.fr:crdo-UBY_FIN_DU_MONDE_IMG ne contient pas de fichier d'annotations
INFO:root:La ressource oai:crdo.vjf.cnrs.fr:crdo-UBY_HODJA_SOUND ne contient pas de fichier d'annotations
INFO:root:La ressource oai:crdo.vjf.cnrs.fr:crdo-UBY_HODJA_IMG ne contient pas de fichier d'annotations
INFO:root:La ressource oai:crdo.vjf.cnrs.fr:crdo-UBY_NARTES_SOUND ne contient pas de fichier d'annotations
INFO:root:La ressource oai:crdo.vjf.cnrs.fr:crdo-UBY_EXODE_SOUND ne contient pas de fichier d'annotations
INFO:root:La ressource oai:crdo.vjf.cnrs.fr:crdo-UBY_VOYAGE_SOUND ne contient pas de fichier d'annotations
INFO:root:La ressource oai:crdo.vjf.cnrs.fr:crdo-NBF_ENTERREEVIVE_SOUND ne contient pas de fichier d'annotations
INFO:root:La ressource oai:crdo.vjf.cnrs.fr:crdo-NBF_FEMMECELESTE_SOUND ne contient pas de fichier d'annotations
INFO:root:La ressource oai:crdo.vjf.cnrs.fr:crdo-NRU_MARIAGE_DE_LA_SOEUR_V1_SOUND ne contient pas de fichier d'annotations
INFO:root:La ressource oai:crdo.vjf.cnrs.fr:crdo-NRU_Mariage_De_La_Soeur_V2_SOUND ne contient pas de fichier d'annotations
INFO:root:La ressource oai:crdo.vjf.cnrs.fr:crdo-NRU_Mariage_De_La_Soeur_V3_SOUND ne contient pas de fichier d'annotations
INFO:root:La ressource oai:crdo.vjf.cnrs.fr:crdo-NRU_Naissance_du_Lac_V1_SOUND ne contient pas de fichier d'annotations
INFO:root:La ressource oai:crdo.vjf.cnrs.fr:crdo-NRU_Naissance_du_Lac_V2_SOUND ne contient pas de fichier d'annotations
INFO:root:La ressource oai:crdo.vjf.cnrs.fr:crdo-NRU_Naissance_du_Lac_V3_SOUND ne contient pas de fichier d'annotations
INFO:root:La ressource oai:crdo.vjf.cnrs.fr:crdo-NRU_Naissance_du_Lac_V4_SOUND ne contient pas de fichier d'annotations
INFO:root:La ressource oai:crdo.vjf.cnrs.fr:crdo-NXQ_FILLE_UNIQUE_SOUND ne contient pas de fichier d'annotations
INFO:root:La ressource oai:crdo.vjf.cnrs.fr:crdo-NBF_TOADCHILD_SOUND ne contient pas de fichier d'annotations
INFO:root:La ressource oai:crdo.vjf.cnrs.fr:crdo-NRU_H1_CHUNKS_001_SOUND ne contient pas de fichier d'annotations
INFO:root:La ressource oai:crdo.vjf.cnrs.fr:crdo-NRU_H1_CHUNKS_002_SOUND ne contient pas de fichier d'annotations
INFO:root:La ressource oai:crdo.vjf.cnrs.fr:crdo-NRU_H1_CHUNKS_003_SOUND ne contient pas de fichier d'annotations
INFO:root:La ressource oai:crdo.vjf.cnrs.fr:crdo-NRU_H1_HANDSPAN_001_SOUND ne contient pas de fichier d'annotations
INFO:root:La ressource oai:crdo.vjf.cnrs.fr:crdo-NRU_H2_DAY_001_SOUND ne contient pas de fichier d'annotations
INFO:root:La ressource oai:crdo.vjf.cnrs.fr:crdo-NRU_H2_DAY_002_SOUND ne contient pas de fichier d'annotations
INFO:root:La ressource oai:crdo.vjf.cnrs.fr:crdo-NRU_H2_DAY_003_SOUND ne contient pas de fichier d'annotations
INFO:root:La ressource oai:crdo.vjf.cnrs.fr:crdo-NRU_L1_MONETARYUNIT_001_SOUND ne contient pas de fichier d'annotations
INFO:root:La ressource oai:crdo.vjf.cnrs.fr:crdo-NRU_L1_MONETARYUNIT_002_SOUND ne contient pas de fichier d'annotations
INFO:root:La ressource oai:crdo.vjf.cnrs.fr:crdo-NRU_L1_MONETARYUNIT_003_SOUND ne contient pas de fichier d'annotations
INFO:root:La ressource oai:crdo.vjf.cnrs.fr:crdo-NRU_L1_ROADSECTION_001_SOUND ne contient pas de fichier d'annotations
INFO:root:La ressource oai:crdo.vjf.cnrs.fr:crdo-NRU_L1_SETOFTWO_001_SOUND ne contient pas de fichier d'annotations
INFO:root:La ressource oai:crdo.vjf.cnrs.fr:crdo-NRU_L2_ARMSPAN_001_SOUND ne contient pas de fichier d'annotations
INFO:root:La ressource oai:crdo.vjf.cnrs.fr:crdo-NRU_L2_ARMSPAN_002_SOUND ne contient pas de fichier d'annotations
INFO:root:La ressource oai:crdo.vjf.cnrs.fr:crdo-NRU_L2_BIRDS_001_SOUND ne contient pas de fichier d'annotations
INFO:root:La ressource oai:crdo.vjf.cnrs.fr:crdo-NRU_L2_BIRDS_002_SOUND ne contient pas de fichier d'annotations
INFO:root:La ressource oai:crdo.vjf.cnrs.fr:crdo-NRU_L2_MEALS_001_SOUND ne contient pas de fichier d'annotations
INFO:root:La ressource oai:crdo.vjf.cnrs.fr:crdo-NRU_L2_OUNCES_001_SOUND ne contient pas de fichier d'annotations
INFO:root:La ressource oai:crdo.vjf.cnrs.fr:crdo-NRU_L2_ROPE_001_SOUND ne contient pas de fichier d'annotations
INFO:root:La ressource oai:crdo.vjf.cnrs.fr:crdo-NRU_L2_ROPE_002_SOUND ne contient pas de fichier d'annotations
INFO:root:La ressource oai:crdo.vjf.cnrs.fr:crdo-NRU_L2_ROPE_003_SOUND ne contient pas de fichier d'annotations
INFO:root:La ressource oai:crdo.vjf.cnrs.fr:crdo-NRU_L2_TIMES_001_SOUND ne contient pas de fichier d'annotations
INFO:root:La ressource oai:crdo.vjf.cnrs.fr:crdo-NRU_L2_TREES_001_SOUND ne contient pas de fichier d'annotations
INFO:root:La ressource oai:crdo.vjf.cnrs.fr:crdo-NRU_L3_BUNDLEOFHAY_001_SOUND ne contient pas de fichier d'annotations
INFO:root:La ressource oai:crdo.vjf.cnrs.fr:crdo-NRU_L3_BUNDLEOFHAY_002_SOUND ne contient pas de fichier d'annotations
INFO:root:La ressource oai:crdo.vjf.cnrs.fr:crdo-NRU_M1_HANDFUL_001_SOUND ne contient pas de fichier d'annotations
INFO:root:La ressource oai:crdo.vjf.cnrs.fr:crdo-NRU_M1_HEAP_001_SOUND ne contient pas de fichier d'annotations
INFO:root:La ressource oai:crdo.vjf.cnrs.fr:crdo-NRU_M1_KNIFE_001_SOUND ne contient pas de fichier d'annotations
INFO:root:La ressource oai:crdo.vjf.cnrs.fr:crdo-NRU_M1_KNIFE_002_SOUND ne contient pas de fichier d'annotations
INFO:root:La ressource oai:crdo.vjf.cnrs.fr:crdo-NRU_M1_KNIFE_003_SOUND ne contient pas de fichier d'annotations
INFO:root:La ressource oai:crdo.vjf.cnrs.fr:crdo-NRU_M2_MONTH_001_SOUND ne contient pas de fichier d'annotations
INFO:root:La ressource oai:crdo.vjf.cnrs.fr:crdo-NRU_M2_PAIRS_001_SOUND ne contient pas de fichier d'annotations
INFO:root:La ressource oai:crdo.vjf.cnrs.fr:crdo-NRU_M2_ROUNDOBJECTS_001_SOUND ne contient pas de fichier d'annotations
INFO:root:La ressource oai:crdo.vjf.cnrs.fr:crdo-NRU_MH1_MEMBEROFPAIR_001_SOUND ne contient pas de fichier d'annotations
INFO:root:La ressource oai:crdo.vjf.cnrs.fr:crdo-NRU_MH1_POUND_001_SOUND ne contient pas de fichier d'annotations
INFO:root:La ressource oai:crdo.vjf.cnrs.fr:crdo-NRU_MH1_YEAR_001_SOUND ne contient pas de fichier d'annotations
INFO:root:La ressource oai:crdo.vjf.cnrs.fr:crdo-NRU_MH1_YEAR_002_SOUND ne contient pas de fichier d'annotations
INFO:root:La ressource oai:crdo.vjf.cnrs.fr:crdo-NRU_MH1_YEAR_003_SOUND ne contient pas de fichier d'annotations
INFO:root:La ressource oai:crdo.vjf.cnrs.fr:crdo-NRU_MH2_PEOPLE_001_SOUND ne contient pas de fichier d'annotations
INFO:root:La ressource oai:crdo.vjf.cnrs.fr:crdo-NRU_MH2_PEOPLE_002_SOUND ne contient pas de fichier d'annotations
INFO:root:La ressource oai:crdo.vjf.cnrs.fr:crdo-NRU_VERIFICATIONS_001_SOUND ne contient pas de fichier d'annotations
INFO:root:La ressource oai:crdo.vjf.cnrs.fr:crdo-NXQ_TOM_BA_RITUALS_SOUND ne contient pas de fichier d'annotations
INFO:root:La ressource oai:crdo.vjf.cnrs.fr:crdo-NXQ_CULT_OF_HEAVEN_SOUND ne contient pas de fichier d'annotations
INFO:root:La ressource oai:crdo.vjf.cnrs.fr:crdo-NXQ_LIFE_STORY_SOUND ne contient pas de fichier d'annotations
INFO:root:La ressource oai:crdo.vjf.cnrs.fr:crdo-NRU_AGRICULTURAL_ACTIVITIES_SOUND ne contient pas de fichier d'annotations
INFO:root:La ressource oai:crdo.vjf.cnrs.fr:crdo-NRU_DOG_SOUND ne contient pas de fichier d'annotations
INFO:root:La ressource oai:crdo.vjf.cnrs.fr:crdo-NRU_TIGER_SOUND ne contient pas de fichier d'annotations
INFO:root:La ressource oai:crdo.vjf.cnrs.fr:crdo-NRU_F4_REWARD_SOUND ne contient pas de fichier d'annotations
INFO:root:La ressource oai:crdo.vjf.cnrs.fr:crdo-NRU_F4_HOUSEBUILDING_SOUND ne contient pas de fichier d'annotations
INFO:root:La ressource oai:crdo.vjf.cnrs.fr:crdo-NRU_F4_TONE1TO4_SOUND ne contient pas de fichier d'annotations
INFO:root:La ressource oai:crdo.vjf.cnrs.fr:crdo-NRU_F4_TONE5_SOUND ne contient pas de fichier d'annotations
INFO:root:La ressource oai:crdo.vjf.cnrs.fr:crdo-NRU_F4_TONE6_SOUND ne contient pas de fichier d'annotations
INFO:root:La ressource oai:crdo.vjf.cnrs.fr:crdo-NRU_F4_TONE7_SOUND ne contient pas de fichier d'annotations
INFO:root:La ressource oai:crdo.vjf.cnrs.fr:crdo-NRU_F4_TONE8TO10_SOUND ne contient pas de fichier d'annotations
INFO:root:La ressource oai:crdo.vjf.cnrs.fr:crdo-NRU_F4_TONE11_SOUND ne contient pas de fichier d'annotations
INFO:root:La ressource oai:crdo.vjf.cnrs.fr:crdo-NRU_F4_TONE12_SOUND ne contient pas de fichier d'annotations
INFO:root:La ressource oai:crdo.vjf.cnrs.fr:crdo-NRU_F4_TONE13_SOUND ne contient pas de fichier d'annotations
INFO:root:La ressource oai:crdo.vjf.cnrs.fr:crdo-NRU_F4_TONE14_SOUND ne contient pas de fichier d'annotations
INFO:root:La ressource oai:crdo.vjf.cnrs.fr:crdo-NRU_F4_TONE15_SOUND ne contient pas de fichier d'annotations
INFO:root:La ressource oai:crdo.vjf.cnrs.fr:crdo-NRU_F4_PALATALIZED_APICALIZED_SOUND ne contient pas de fichier d'annotations
INFO:root:La ressource oai:crdo.vjf.cnrs.fr:crdo-NRU_F4_TONE_VERB1_SOUND ne contient pas de fichier d'annotations
INFO:root:La ressource oai:crdo.vjf.cnrs.fr:crdo-NRU_F4_TONE_VERB2_SOUND ne contient pas de fichier d'annotations
INFO:root:La ressource oai:crdo.vjf.cnrs.fr:crdo-NRU_F4_TONE_VERB3_SOUND ne contient pas de fichier d'annotations
INFO:root:La ressource oai:crdo.vjf.cnrs.fr:crdo-NXQ_F9_SONG1_SOUND ne contient pas de fichier d'annotations
INFO:root:La ressource oai:crdo.vjf.cnrs.fr:crdo-NXQ_F9_SONG2_SOUND ne contient pas de fichier d'annotations
INFO:root:La ressource oai:crdo.vjf.cnrs.fr:crdo-NXQ_F9_SONG3_SOUND ne contient pas de fichier d'annotations
INFO:root:La ressource oai:crdo.vjf.cnrs.fr:crdo-NXQ_F9_SONG4_SOUND ne contient pas de fichier d'annotations
INFO:root:La ressource oai:crdo.vjf.cnrs.fr:crdo-NXQ_F9_SONG5_SOUND ne contient pas de fichier d'annotations
INFO:root:La ressource oai:crdo.vjf.cnrs.fr:crdo-NXQ_F9_SONG6_SOUND ne contient pas de fichier d'annotations
INFO:root:La ressource oai:crdo.vjf.cnrs.fr:crdo-NRU_M28_DAPE_SOUND ne contient pas de fichier d'annotations
INFO:root:La ressource oai:crdo.vjf.cnrs.fr:crdo-NRU_M28_DOG_SOUND ne contient pas de fichier d'annotations
INFO:root:La ressource oai:crdo.vjf.cnrs.fr:crdo-NRU_M28_FLOOD_SOUND ne contient pas de fichier d'annotations
INFO:root:La ressource oai:crdo.vjf.cnrs.fr:crdo-NRU_M28_SISTER_SOUND ne contient pas de fichier d'annotations
INFO:root:La ressource oai:crdo.vjf.cnrs.fr:crdo-NRU_M28_TRICKSTER_SOUND ne contient pas de fichier d'annotations
INFO:root:La ressource oai:crdo.vjf.cnrs.fr:crdo-NRU_M28_VOCABULARY_SOUND ne contient pas de fichier d'annotations
INFO:root:La ressource oai:crdo.vjf.cnrs.fr:crdo-NRU_F4_TONEPEOPLES_SOUND ne contient pas de fichier d'annotations
INFO:root:La ressource oai:crdo.vjf.cnrs.fr:crdo-NBF_F7_SONG_SOUND ne contient pas de fichier d'annotations
INFO:root:La ressource oai:crdo.vjf.cnrs.fr:crdo-NBF_F10_SONG_SOUND ne contient pas de fichier d'annotations
INFO:root:La ressource oai:crdo.vjf.cnrs.fr:crdo-NBF_F11_NURSERY_RHYME_SOUND ne contient pas de fichier d'annotations
INFO:root:La ressource oai:crdo.vjf.cnrs.fr:crdo-NBF_F11_SONG1_SOUND ne contient pas de fichier d'annotations
INFO:root:La ressource oai:crdo.vjf.cnrs.fr:crdo-NBF_F11_SONG2_SOUND ne contient pas de fichier d'annotations
INFO:root:La ressource oai:crdo.vjf.cnrs.fr:crdo-NBF_F11_SONG3_SOUND ne contient pas de fichier d'annotations
INFO:root:La ressource oai:crdo.vjf.cnrs.fr:crdo-NBF_F11_SONG4_SOUND ne contient pas de fichier d'annotations
INFO:root:La ressource oai:crdo.vjf.cnrs.fr:crdo-NBF_M20_LIFESTORY_SOUND ne contient pas de fichier d'annotations
INFO:root:La ressource oai:crdo.vjf.cnrs.fr:crdo-NBF_M20_NARRATIVE1_SOUND ne contient pas de fichier d'annotations
INFO:root:La ressource oai:crdo.vjf.cnrs.fr:crdo-NBF_M20_NARRATIVE2_SOUND ne contient pas de fichier d'annotations
INFO:root:La ressource oai:crdo.vjf.cnrs.fr:crdo-NBF_M20_NARRATIVE3_SOUND ne contient pas de fichier d'annotations
INFO:root:La ressource oai:crdo.vjf.cnrs.fr:crdo-NBF_M20_RITUAL1_SOUND ne contient pas de fichier d'annotations
INFO:root:La ressource oai:crdo.vjf.cnrs.fr:crdo-NBF_M20_RITUAL2_SOUND ne contient pas de fichier d'annotations
INFO:root:La ressource oai:crdo.vjf.cnrs.fr:crdo-NBF_M20_RITUAL3_SOUND ne contient pas de fichier d'annotations
INFO:root:La ressource oai:crdo.vjf.cnrs.fr:crdo-NBF_M20_RITUAL4_SOUND ne contient pas de fichier d'annotations
INFO:root:La ressource oai:crdo.vjf.cnrs.fr:crdo-NBF_M20_RITUAL5_SOUND ne contient pas de fichier d'annotations
INFO:root:La ressource oai:crdo.vjf.cnrs.fr:crdo-NBF_M20_RITUAL6_SOUND ne contient pas de fichier d'annotations
INFO:root:La ressource oai:crdo.vjf.cnrs.fr:crdo-NBF_M20_RITUAL7_SOUND ne contient pas de fichier d'annotations
INFO:root:La ressource oai:crdo.vjf.cnrs.fr:crdo-NBF_M20_RITUAL8_SOUND ne contient pas de fichier d'annotations
INFO:root:La ressource oai:crdo.vjf.cnrs.fr:crdo-NBF_M20_RITUAL9_SOUND ne contient pas de fichier d'annotations
INFO:root:La ressource oai:crdo.vjf.cnrs.fr:crdo-NBF_M20_RITUAL10_SOUND ne contient pas de fichier d'annotations
INFO:root:La ressource oai:crdo.vjf.cnrs.fr:crdo-NBF_M20_RITUAL11_SOUND ne contient pas de fichier d'annotations
INFO:root:La ressource oai:crdo.vjf.cnrs.fr:crdo-NBF_M20_SONG_SOUND ne contient pas de fichier d'annotations
INFO:root:La ressource oai:crdo.vjf.cnrs.fr:crdo-NRU_F4_VERB_REDUPL_2012_SOUND ne contient pas de fichier d'annotations
INFO:root:La ressource oai:crdo.vjf.cnrs.fr:crdo-NRU_F4_ACCOMP_PFV_SOUND ne contient pas de fichier d'annotations
INFO:root:La ressource oai:crdo.vjf.cnrs.fr:crdo-NRU_F4_VERB_DURATIVE_2007_SOUND ne contient pas de fichier d'annotations
INFO:root:La ressource oai:crdo.vjf.cnrs.fr:crdo-NRU_F4_VERB_PROHIB_2007_SOUND ne contient pas de fichier d'annotations
INFO:root:La ressource oai:crdo.vjf.cnrs.fr:crdo-NRU_F4_VERB_PROHIB_2008_SOUND ne contient pas de fichier d'annotations
INFO:root:La ressource oai:crdo.vjf.cnrs.fr:crdo-NRU_F4_VERB_REDUPL_2007_SOUND ne contient pas de fichier d'annotations
INFO:root:La ressource oai:crdo.vjf.cnrs.fr:crdo-NRU_F4_TONE_NOUNSINFRAME_2007_SOUND ne contient pas de fichier d'annotations
INFO:root:La ressource oai:crdo.vjf.cnrs.fr:crdo-NRU_F4_CARAVANS_SOUND ne contient pas de fichier d'annotations
INFO:root:La ressource oai:crdo.vjf.cnrs.fr:crdo-NRU_F4_ELDERS3_SOUND ne contient pas de fichier d'annotations
INFO:root:La ressource oai:crdo.vjf.cnrs.fr:crdo-NRU_F4_RENAMING_SOUND ne contient pas de fichier d'annotations
INFO:root:La ressource oai:crdo.vjf.cnrs.fr:crdo-NRU_F4_BURIEDALIVE2_SOUND ne contient pas de fichier d'annotations
INFO:root:La ressource oai:crdo.vjf.cnrs.fr:crdo-NRU_F4_BURIEDALIVE3_SOUND ne contient pas de fichier d'annotations
INFO:root:La ressource oai:crdo.vjf.cnrs.fr:crdo-NRU_F4_HEALING_SOUND ne contient pas de fichier d'annotations
INFO:root:La ressource oai:crdo.vjf.cnrs.fr:crdo-NRU_F4_SEEDS2_SOUND ne contient pas de fichier d'annotations
INFO:root:La ressource oai:crdo.vjf.cnrs.fr:crdo-NRU_F4_AGRICULTURE2_SOUND ne contient pas de fichier d'annotations
INFO:root:La ressource oai:crdo.vjf.cnrs.fr:crdo-NRU_F4_TIGER2_SOUND ne contient pas de fichier d'annotations
INFO:root:La ressource oai:crdo.vjf.cnrs.fr:crdo-NRU_F4_SEEDS_SOUND ne contient pas de fichier d'annotations
INFO:root:La ressource oai:crdo.vjf.cnrs.fr:crdo-NRU_F4_HOUSEBUILDING2_SOUND ne contient pas de fichier d'annotations
INFO:root:La ressource oai:crdo.vjf.cnrs.fr:crdo-NRU_F4_ELDERS_SOUND ne contient pas de fichier d'annotations
INFO:root:La ressource oai:crdo.vjf.cnrs.fr:crdo-NRU_F4_ELDERS2_SOUND ne contient pas de fichier d'annotations
INFO:root:La ressource oai:crdo.vjf.cnrs.fr:crdo-NRU_F4_ELDERS4_SOUND ne contient pas de fichier d'annotations
INFO:root:La ressource oai:crdo.vjf.cnrs.fr:crdo-NRU_F4_ELDERS5_SOUND ne contient pas de fichier d'annotations
INFO:root:La ressource oai:crdo.vjf.cnrs.fr:crdo-NRU_F4_DOG2_SOUND ne contient pas de fichier d'annotations
INFO:root:La ressource oai:crdo.vjf.cnrs.fr:crdo-NRU_F4_BURIEDALIVE_SOUND ne contient pas de fichier d'annotations
INFO:root:La ressource oai:crdo.vjf.cnrs.fr:crdo-NRU_F4_FOOD_SHORTAGE_SOUND ne contient pas de fichier d'annotations
INFO:root:La ressource oai:crdo.vjf.cnrs.fr:crdo-NRU_F4_SPATIAL_ORIENTATION_SOUND ne contient pas de fichier d'annotations
INFO:root:La ressource oai:crdo.vjf.cnrs.fr:crdo-NRU_F4_COORDINATIVE_COMPOUNDS_SOUND ne contient pas de fichier d'annotations
INFO:root:La ressource oai:crdo.vjf.cnrs.fr:crdo-NRU_F4_NOUNS_SPATIAL_ORIENTATION_SOUND ne contient pas de fichier d'annotations
INFO:root:La ressource oai:crdo.vjf.cnrs.fr:crdo-NRU_F4_TONE_EVEN_SOUND ne contient pas de fichier d'annotations
INFO:root:La ressource oai:crdo.vjf.cnrs.fr:crdo-NRU_F4_TONE_OBJECT_VERB_2012_SOUND ne contient pas de fichier d'annotations
INFO:root:La ressource oai:crdo.vjf.cnrs.fr:crdo-NRU_F4_TONE_ONLY_AND_SOUND ne contient pas de fichier d'annotations
INFO:root:La ressource oai:crdo.vjf.cnrs.fr:crdo-NRU_F4_FUNERAL_SOUND ne contient pas de fichier d'annotations
INFO:root:La ressource oai:crdo.vjf.cnrs.fr:crdo-NRU_F4_MOUNTAINS_SOUND ne contient pas de fichier d'annotations
INFO:root:La ressource oai:crdo.vjf.cnrs.fr:crdo-NRU_F4_POSSESSION_PRONOUNS_SOUND ne contient pas de fichier d'annotations
INFO:root:La ressource oai:crdo.vjf.cnrs.fr:crdo-NRU_F4_FUNERAL_CUSTOM_SOUND ne contient pas de fichier d'annotations
INFO:root:La ressource oai:crdo.vjf.cnrs.fr:crdo-NRU_F4_ADOPTING_PETS_SOUND ne contient pas de fichier d'annotations
INFO:root:La ressource oai:crdo.vjf.cnrs.fr:crdo-NRU_F4_ASHES_SOUND ne contient pas de fichier d'annotations
INFO:root:La ressource oai:crdo.vjf.cnrs.fr:crdo-NRU_F4_BEGGARS_SOUND ne contient pas de fichier d'annotations
INFO:root:La ressource oai:crdo.vjf.cnrs.fr:crdo-NRU_F4_BELIEF_IN_GHOSTS_SOUND ne contient pas de fichier d'annotations
INFO:root:La ressource oai:crdo.vjf.cnrs.fr:crdo-NRU_F4_BENEVOLENCE_SOUND ne contient pas de fichier d'annotations
INFO:root:La ressource oai:crdo.vjf.cnrs.fr:crdo-NRU_F4_BOUNDARIES_SOUND ne contient pas de fichier d'annotations
INFO:root:La ressource oai:crdo.vjf.cnrs.fr:crdo-NRU_F4_CHICKEN_DIVINATION_SOUND ne contient pas de fichier d'annotations
INFO:root:La ressource oai:crdo.vjf.cnrs.fr:crdo-NRU_F4_CHILDREN_SOUND ne contient pas de fichier d'annotations
INFO:root:La ressource oai:crdo.vjf.cnrs.fr:crdo-NRU_F4_CHOOSING_A_DABA_SOUND ne contient pas de fichier d'annotations
INFO:root:La ressource oai:crdo.vjf.cnrs.fr:crdo-NRU_F4_COMING_OF_AGE_SOUND ne contient pas de fichier d'annotations
INFO:root:La ressource oai:crdo.vjf.cnrs.fr:crdo-NRU_F4_COMING_OF_AGE2_SOUND ne contient pas de fichier d'annotations
INFO:root:La ressource oai:crdo.vjf.cnrs.fr:crdo-NRU_F4_CONVERSATIONS_OF_YORE_SOUND ne contient pas de fichier d'annotations
INFO:root:La ressource oai:crdo.vjf.cnrs.fr:crdo-NRU_F4_COOKING_SOUND ne contient pas de fichier d'annotations
INFO:root:La ressource oai:crdo.vjf.cnrs.fr:crdo-NRU_F4_COOKING_HABITS_SOUND ne contient pas de fichier d'annotations
INFO:root:La ressource oai:crdo.vjf.cnrs.fr:crdo-NRU_F4_DABA_SOUND ne contient pas de fichier d'annotations
INFO:root:La ressource oai:crdo.vjf.cnrs.fr:crdo-NRU_F4_DABA2_SOUND ne contient pas de fichier d'annotations
INFO:root:La ressource oai:crdo.vjf.cnrs.fr:crdo-NRU_F4_DANCING_DEMON_SOUND ne contient pas de fichier d'annotations
INFO:root:La ressource oai:crdo.vjf.cnrs.fr:crdo-NRU_F4_DEMISE_OF_PRESERVED_PIG_SOUND ne contient pas de fichier d'annotations
INFO:root:La ressource oai:crdo.vjf.cnrs.fr:crdo-NRU_F4_DEMON_SOUND ne contient pas de fichier d'annotations
INFO:root:La ressource oai:crdo.vjf.cnrs.fr:crdo-NRU_F4_DEMON2_SOUND ne contient pas de fichier d'annotations
INFO:root:La ressource oai:crdo.vjf.cnrs.fr:crdo-NRU_F4_DOMESTIC_ANIMALS_SOUND ne contient pas de fichier d'annotations
INFO:root:La ressource oai:crdo.vjf.cnrs.fr:crdo-NRU_F4_DOMESTIC_ANIMALS2_SOUND ne contient pas de fichier d'annotations
INFO:root:La ressource oai:crdo.vjf.cnrs.fr:crdo-NRU_F4_DOMESTIC_ANIMALS3_SOUND ne contient pas de fichier d'annotations
INFO:root:La ressource oai:crdo.vjf.cnrs.fr:crdo-NRU_F4_DOMESTIC_ANIMALS4_SOUND ne contient pas de fichier d'annotations
INFO:root:La ressource oai:crdo.vjf.cnrs.fr:crdo-NRU_F4_DUMB_CHILDREN_SOUND ne contient pas de fichier d'annotations
INFO:root:La ressource oai:crdo.vjf.cnrs.fr:crdo-NRU_F4_FEASTS_SOUND ne contient pas de fichier d'annotations
INFO:root:La ressource oai:crdo.vjf.cnrs.fr:crdo-NRU_F4_FISHING_SOUND ne contient pas de fichier d'annotations
INFO:root:La ressource oai:crdo.vjf.cnrs.fr:crdo-NRU_F4_FOLK_ETYMOLOGY_SOUND ne contient pas de fichier d'annotations
INFO:root:La ressource oai:crdo.vjf.cnrs.fr:crdo-NRU_F4_FOUNDING_NEW_HOME_SOUND ne contient pas de fichier d'annotations
INFO:root:La ressource oai:crdo.vjf.cnrs.fr:crdo-NRU_F4_GHOSTS_SOUND ne contient pas de fichier d'annotations
INFO:root:La ressource oai:crdo.vjf.cnrs.fr:crdo-NRU_F4_GHOSTS_AND_SPIRITS_SOUND ne contient pas de fichier d'annotations
INFO:root:La ressource oai:crdo.vjf.cnrs.fr:crdo-NRU_F4_HOW_I_LEARNT_AUDIO_SOUND ne contient pas de fichier d'annotations
INFO:root:La ressource oai:crdo.vjf.cnrs.fr:crdo-NRU_F4_INTRODUCTION_SOUND ne contient pas de fichier d'annotations
INFO:root:La ressource oai:crdo.vjf.cnrs.fr:crdo-NRU_F4_LIFESTORY_SOUND ne contient pas de fichier d'annotations
INFO:root:La ressource oai:crdo.vjf.cnrs.fr:crdo-NRU_F4_LONESOME_ELDERS_SOUND ne contient pas de fichier d'annotations
INFO:root:La ressource oai:crdo.vjf.cnrs.fr:crdo-NRU_F4_MARKET_SOUND ne contient pas de fichier d'annotations
INFO:root:La ressource oai:crdo.vjf.cnrs.fr:crdo-NRU_F4_MONGOLIAN_VISIT_SOUND ne contient pas de fichier d'annotations
INFO:root:La ressource oai:crdo.vjf.cnrs.fr:crdo-NRU_F4_MUSHROOMS_SOUND ne contient pas de fichier d'annotations
INFO:root:La ressource oai:crdo.vjf.cnrs.fr:crdo-NRU_F4_NA_SOCIETY_SOUND ne contient pas de fichier d'annotations
INFO:root:La ressource oai:crdo.vjf.cnrs.fr:crdo-NRU_F4_NAMES_SOUND ne contient pas de fichier d'annotations
INFO:root:La ressource oai:crdo.vjf.cnrs.fr:crdo-NRU_F4_NAXI_DISCUSSIONS_SOUND ne contient pas de fichier d'annotations
INFO:root:La ressource oai:crdo.vjf.cnrs.fr:crdo-NRU_F4_PRIESTS_SOUND ne contient pas de fichier d'annotations
INFO:root:La ressource oai:crdo.vjf.cnrs.fr:crdo-NRU_F4_RICE_SOUND ne contient pas de fichier d'annotations
INFO:root:La ressource oai:crdo.vjf.cnrs.fr:crdo-NRU_F4_SHOES_SOUND ne contient pas de fichier d'annotations
INFO:root:La ressource oai:crdo.vjf.cnrs.fr:crdo-NRU_F4_SINGING_SOUND ne contient pas de fichier d'annotations
INFO:root:La ressource oai:crdo.vjf.cnrs.fr:crdo-NRU_F4_SPIRITS_SOUND ne contient pas de fichier d'annotations
INFO:root:La ressource oai:crdo.vjf.cnrs.fr:crdo-NRU_F4_STREAMERS_SOUND ne contient pas de fichier d'annotations
INFO:root:La ressource oai:crdo.vjf.cnrs.fr:crdo-NRU_F4_SWING_SOUND ne contient pas de fichier d'annotations
INFO:root:La ressource oai:crdo.vjf.cnrs.fr:crdo-NRU_F4_SWORD_SOUND ne contient pas de fichier d'annotations
INFO:root:La ressource oai:crdo.vjf.cnrs.fr:crdo-NRU_F4_TABOOS_SOUND ne contient pas de fichier d'annotations
INFO:root:La ressource oai:crdo.vjf.cnrs.fr:crdo-NRU_F4_TAKING_CHARGE_OF_RITUALS_SOUND ne contient pas de fichier d'annotations
INFO:root:La ressource oai:crdo.vjf.cnrs.fr:crdo-NRU_F4_TERRESTRIAL_BRANCHES_SOUND ne contient pas de fichier d'annotations
INFO:root:La ressource oai:crdo.vjf.cnrs.fr:crdo-NRU_F4_TOOTH_AUDIO_SOUND ne contient pas de fichier d'annotations
INFO:root:La ressource oai:crdo.vjf.cnrs.fr:crdo-NRU_F4_TRADER_AND_HIS_SON_AUDIO_SOUND ne contient pas de fichier d'annotations
INFO:root:La ressource oai:crdo.vjf.cnrs.fr:crdo-NRU_F4_TRADING_AUDIO_SOUND ne contient pas de fichier d'annotations
INFO:root:La ressource oai:crdo.vjf.cnrs.fr:crdo-NRU_F4_VAMPIRE_SOUND ne contient pas de fichier d'annotations
INFO:root:La ressource oai:crdo.vjf.cnrs.fr:crdo-NXQ_M7_LEARNING_HEQSHUL_SOUND ne contient pas de fichier d'annotations
INFO:root:La ressource oai:crdo.vjf.cnrs.fr:crdo-NXQ_M7_LEARNING_SCRIPTURES_SOUND ne contient pas de fichier d'annotations
INFO:root:La ressource oai:crdo.vjf.cnrs.fr:crdo-NXQ_M7_LIFESPAN_SOUND ne contient pas de fichier d'annotations
INFO:root:La ressource oai:crdo.vjf.cnrs.fr:crdo-NXQ_M7_SISTER_SOUND ne contient pas de fichier d'annotations
INFO:root:La ressource oai:crdo.vjf.cnrs.fr:crdo-NXQ_M7_SVQGGVQ_SOUND ne contient pas de fichier d'annotations
INFO:root:La ressource oai:crdo.vjf.cnrs.fr:crdo-NXQ_M7_HEQSHUL_SOUND ne contient pas de fichier d'annotations
INFO:root:La ressource oai:crdo.vjf.cnrs.fr:crdo-NXQ_M7_HEQSHUL_MS_SOUND ne contient pas de fichier d'annotations
INFO:root:La ressource oai:crdo.vjf.cnrs.fr:crdo-NXQ_BAIDIMUSIC_1_SOUND ne contient pas de fichier d'annotations
INFO:root:La ressource oai:crdo.vjf.cnrs.fr:crdo-NXQ_BAIDIMUSIC_2_SOUND ne contient pas de fichier d'annotations
INFO:root:La ressource oai:crdo.vjf.cnrs.fr:crdo-NXQ_BAIDIMUSIC_3_SOUND ne contient pas de fichier d'annotations
INFO:root:La ressource oai:crdo.vjf.cnrs.fr:crdo-NXQ_BAIDIMUSIC_4_SOUND ne contient pas de fichier d'annotations
INFO:root:La ressource oai:crdo.vjf.cnrs.fr:crdo-NXQ_BAIDIMUSIC_5_SOUND ne contient pas de fichier d'annotations
INFO:root:La ressource oai:crdo.vjf.cnrs.fr:crdo-NXQ_BAIDIMUSIC_6_SOUND ne contient pas de fichier d'annotations
INFO:root:La ressource oai:crdo.vjf.cnrs.fr:crdo-NXQ_BAIDIMUSIC_7_SOUND ne contient pas de fichier d'annotations
INFO:root:La ressource oai:crdo.vjf.cnrs.fr:crdo-NXQ_BAIDIMUSIC_8_SOUND ne contient pas de fichier d'annotations
INFO:root:La ressource oai:crdo.vjf.cnrs.fr:crdo-NXQ_BAIDIMUSIC_9_SOUND ne contient pas de fichier d'annotations
INFO:root:La ressource oai:crdo.vjf.cnrs.fr:crdo-NXQ_BAIDIMUSIC_10_SOUND ne contient pas de fichier d'annotations
INFO:root:La ressource oai:crdo.vjf.cnrs.fr:crdo-NXQ_BAIDIMUSIC_11_SOUND ne contient pas de fichier d'annotations
INFO:root:La ressource oai:crdo.vjf.cnrs.fr:crdo-NXQ_BAIDIMUSIC_12_SOUND ne contient pas de fichier d'annotations
INFO:root:La ressource oai:crdo.vjf.cnrs.fr:crdo-NXQ_BAIDIMUSIC_13_SOUND ne contient pas de fichier d'annotations
INFO:root:La ressource oai:crdo.vjf.cnrs.fr:crdo-NXQ_BAIDIMUSIC_14_SOUND ne contient pas de fichier d'annotations
INFO:root:La ressource oai:crdo.vjf.cnrs.fr:crdo-NRU_F4_FOOD_SHORTAGE2_SOUND ne contient pas de fichier d'annotations
INFO:root:La ressource oai:crdo.vjf.cnrs.fr:crdo-NRU_F4_TOOTH2_SOUND ne contient pas de fichier d'annotations
INFO:root:La ressource oai:crdo.vjf.cnrs.fr:crdo-NRU_F4_COORDINATIVE_COMPOUNDS2_SOUND ne contient pas de fichier d'annotations
INFO:root:La ressource oai:crdo.vjf.cnrs.fr:crdo-NBF_TOADCHILD2_SOUND ne contient pas de fichier d'annotations
INFO:root:La ressource oai:crdo.vjf.cnrs.fr:crdo-NXQ_M27_JOKE_ORIGINAL_SOUND ne contient pas de fichier d'annotations
INFO:root:La ressource oai:crdo.vjf.cnrs.fr:crdo-NXQ_M27_JOKE_EDITED_SOUND ne contient pas de fichier d'annotations
INFO:root:La ressource oai:crdo.vjf.cnrs.fr:crdo-NXQ_M27_JOKE2_ORIGINAL_SOUND ne contient pas de fichier d'annotations
INFO:root:La ressource oai:crdo.vjf.cnrs.fr:crdo-NXQ_M27_JOKE2_EDITED_SOUND ne contient pas de fichier d'annotations
INFO:root:La ressource oai:crdo.vjf.cnrs.fr:crdo-NXQ_M27_JOKE3_ORIGINAL_SOUND ne contient pas de fichier d'annotations
INFO:root:La ressource oai:crdo.vjf.cnrs.fr:crdo-NXQ_M27_JOKE3_EDITED_SOUND ne contient pas de fichier d'annotations
INFO:root:La ressource oai:crdo.vjf.cnrs.fr:crdo-NXQ_FILLE_UNIQUE2_SOUND ne contient pas de fichier d'annotations
INFO:root:La ressource oai:crdo.vjf.cnrs.fr:crdo-VIE_M4_DIALOGUE1_SOUND ne contient pas de fichier d'annotations
INFO:root:La ressource oai:crdo.vjf.cnrs.fr:crdo-VIE_M4_DIALOGUE2_SOUND ne contient pas de fichier d'annotations
INFO:root:La ressource oai:crdo.vjf.cnrs.fr:crdo-VIE_M5_DIALOGUE1_SOUND ne contient pas de fichier d'annotations
INFO:root:La ressource oai:crdo.vjf.cnrs.fr:crdo-VIE_M5_DIALOGUE2_SOUND ne contient pas de fichier d'annotations
INFO:root:La ressource oai:crdo.vjf.cnrs.fr:crdo-VIE_M4M5_DIALOGUES1_SOUND ne contient pas de fichier d'annotations
INFO:root:La ressource oai:crdo.vjf.cnrs.fr:crdo-VIE_M4M5_DIALOGUES2_SOUND ne contient pas de fichier d'annotations
INFO:root:La ressource oai:crdo.vjf.cnrs.fr:crdo-VIE_M5_D1_EXCERPTS_SOUND ne contient pas de fichier d'annotations
INFO:root:La ressource oai:crdo.vjf.cnrs.fr:crdo-VIE_M4_D2_EXCERPTS_SOUND ne contient pas de fichier d'annotations
INFO:root:La ressource oai:crdo.vjf.cnrs.fr:crdo-VIE_M6_SIM_DIAL_SOUND ne contient pas de fichier d'annotations
INFO:root:La ressource oai:crdo.vjf.cnrs.fr:crdo-VIE_M7_SIM_DIAL_SOUND ne contient pas de fichier d'annotations
INFO:root:La ressource oai:crdo.vjf.cnrs.fr:crdo-VIE_M4_SMOOTHTONES_SOUND ne contient pas de fichier d'annotations
INFO:root:La ressource oai:crdo.vjf.cnrs.fr:crdo-VIE_M5_SMOOTHTONES_SOUND ne contient pas de fichier d'annotations
INFO:root:La ressource oai:crdo.vjf.cnrs.fr:crdo-VIE_M6_SMOOTHTONES_SOUND ne contient pas de fichier d'annotations
INFO:root:La ressource oai:crdo.vjf.cnrs.fr:crdo-VIE_M7_SMOOTHTONES_SOUND ne contient pas de fichier d'annotations
INFO:root:La ressource oai:crdo.vjf.cnrs.fr:crdo-NXQ_RITUAL_READING_SOUND ne contient pas de fichier d'annotations
INFO:root:La ressource oai:crdo.vjf.cnrs.fr:crdo-NXQ_RITUAL_CHANTING_SOUND ne contient pas de fichier d'annotations
INFO:root:La ressource oai:crdo.vjf.cnrs.fr:crdo-NXQ_KEE_KEEL_SOUND ne contient pas de fichier d'annotations
INFO:root:La ressource oai:crdo.vjf.cnrs.fr:crdo-NXQ_LIFE_STORY2_SOUND ne contient pas de fichier d'annotations
INFO:root:La ressource oai:crdo.vjf.cnrs.fr:crdo-NXQ_RITUAL_LOVERS_SOUND ne contient pas de fichier d'annotations
INFO:root:La ressource oai:crdo.vjf.cnrs.fr:crdo-NXQ_GREAT_PRAYER_SOUND ne contient pas de fichier d'annotations
INFO:root:La ressource oai:crdo.vjf.cnrs.fr:crdo-NXQ_XUQ_JJIL_SOUND ne contient pas de fichier d'annotations
INFO:root:La ressource oai:crdo.vjf.cnrs.fr:crdo-NXQ_ALILI_SOUND ne contient pas de fichier d'annotations
INFO:root:La ressource oai:crdo.vjf.cnrs.fr:crdo-NXQ_JEW_HARP_SOUND ne contient pas de fichier d'annotations
INFO:root:La ressource oai:crdo.vjf.cnrs.fr:crdo-NXQ_M17_ALILI_SOUND ne contient pas de fichier d'annotations
INFO:root:La ressource oai:crdo.vjf.cnrs.fr:crdo-NXQ_M17_PARROT_SONG_EXP_SOUND ne contient pas de fichier d'annotations
INFO:root:La ressource oai:crdo.vjf.cnrs.fr:crdo-NXQ_M17_PARROT_SONG_SOUND ne contient pas de fichier d'annotations
INFO:root:La ressource oai:crdo.vjf.cnrs.fr:crdo-NXQ_M17_M32_LOVERS_SONG_SOUND ne contient pas de fichier d'annotations
INFO:root:La ressource oai:crdo.vjf.cnrs.fr:crdo-NXQ_M32_LOVERS_SONG_EXP_SOUND ne contient pas de fichier d'annotations
INFO:root:La ressource oai:crdo.vjf.cnrs.fr:crdo-NXQ_M32_A_SONG_SOUND ne contient pas de fichier d'annotations
INFO:root:La ressource oai:crdo.vjf.cnrs.fr:crdo-NXQ_M10_TRICKSTER_SOUND ne contient pas de fichier d'annotations
INFO:root:La ressource oai:crdo.vjf.cnrs.fr:crdo-NXQ_CIENDING_READ_VOCABULARY_SOUND ne contient pas de fichier d'annotations
INFO:root:La ressource oai:crdo.vjf.cnrs.fr:crdo-NRU_F5_AHABALA1_SOUND ne contient pas de fichier d'annotations
INFO:root:La ressource oai:crdo.vjf.cnrs.fr:crdo-NRU_F5_AHABALA2_SOUND ne contient pas de fichier d'annotations
INFO:root:La ressource oai:crdo.vjf.cnrs.fr:crdo-NRU_F5_HINAMI_SOUND ne contient pas de fichier d'annotations
INFO:root:La ressource oai:crdo.vjf.cnrs.fr:crdo-NRU_F5_SONG_CHAIRMAN_MAO_SOUND ne contient pas de fichier d'annotations
INFO:root:La ressource oai:crdo.vjf.cnrs.fr:crdo-NRU_F5_SONG_NA_CHINESE_SOUND ne contient pas de fichier d'annotations
INFO:root:La ressource oai:crdo.vjf.cnrs.fr:crdo-NRU_F5_SONG_TIB_SOUND ne contient pas de fichier d'annotations
INFO:root:La ressource oai:crdo.vjf.cnrs.fr:crdo-NXQ_M5_MONOSYLLINFRAME_C_TOP_SOUND ne contient pas de fichier d'annotations
INFO:root:La ressource oai:crdo.vjf.cnrs.fr:crdo-NXQ_M5_MONOSYLLINFRAME_I_SOUND ne contient pas de fichier d'annotations
INFO:root:La ressource oai:crdo.vjf.cnrs.fr:crdo-NXQ_M5_MONOSYLLINFRAME_I_TOP_SOUND ne contient pas de fichier d'annotations
INFO:root:La ressource oai:crdo.vjf.cnrs.fr:crdo-NXQ_M5_MONOSYLLINFRAME_R_C_SOUND ne contient pas de fichier d'annotations
INFO:root:La ressource oai:crdo.vjf.cnrs.fr:crdo-NXQ_M5_MONOSYLLINFRAME_R_I_SOUND ne contient pas de fichier d'annotations
INFO:root:La ressource oai:crdo.vjf.cnrs.fr:crdo-NXQ_M5_MONOSYLLINFRAME_R_I2_SOUND ne contient pas de fichier d'annotations
INFO:root:La ressource oai:crdo.vjf.cnrs.fr:crdo-NXQ_M7_MONOSYLLINFRAME_C_SOUND ne contient pas de fichier d'annotations
INFO:root:La ressource oai:crdo.vjf.cnrs.fr:crdo-NXQ_M7_MONOSYLLINFRAME_I_SOUND ne contient pas de fichier d'annotations
INFO:root:La ressource oai:crdo.vjf.cnrs.fr:crdo-NXQ_M9_MONOSYLLINFRAME_C_SOUND ne contient pas de fichier d'annotations
INFO:root:La ressource oai:crdo.vjf.cnrs.fr:crdo-NXQ_M9_MONOSYLLINFRAME_I_SOUND ne contient pas de fichier d'annotations
INFO:root:La ressource oai:crdo.vjf.cnrs.fr:crdo-NXQ_F2_MONOSYLLINFRAME_C_SOUND ne contient pas de fichier d'annotations
INFO:root:La ressource oai:crdo.vjf.cnrs.fr:crdo-NXQ_F2_MONOSYLLINFRAME_I_SOUND ne contient pas de fichier d'annotations
INFO:root:La ressource oai:crdo.vjf.cnrs.fr:crdo-TYJ_NARRATIVE1_SOUND ne contient pas de fichier d'annotations
INFO:root:La ressource oai:crdo.vjf.cnrs.fr:crdo-TYJ_SINGING8_SOUND ne contient pas de fichier d'annotations
INFO:root:La ressource oai:crdo.vjf.cnrs.fr:crdo-TYJ_SINGING8_IMG ne contient pas de fichier d'annotations
INFO:root:La ressource oai:crdo.vjf.cnrs.fr:crdo-TYJ_NARRATIVE3_SOUND ne contient pas de fichier d'annotations
INFO:root:La ressource oai:crdo.vjf.cnrs.fr:crdo-TYJ_NARRATIVE2_SOUND ne contient pas de fichier d'annotations
INFO:root:La ressource oai:crdo.vjf.cnrs.fr:crdo-TYJ_IDIOMS_SOUND ne contient pas de fichier d'annotations
INFO:root:La ressource oai:crdo.vjf.cnrs.fr:crdo-TYJ_SINGING2_SOUND ne contient pas de fichier d'annotations
INFO:root:La ressource oai:crdo.vjf.cnrs.fr:crdo-TYJ_SINGING4_SOUND ne contient pas de fichier d'annotations
INFO:root:La ressource oai:crdo.vjf.cnrs.fr:crdo-TYJ_SINGING6_SOUND ne contient pas de fichier d'annotations
INFO:root:La ressource oai:crdo.vjf.cnrs.fr:crdo-TYJ_SINGING3_SOUND ne contient pas de fichier d'annotations
INFO:root:La ressource oai:crdo.vjf.cnrs.fr:crdo-TYJ_SINGING1_SOUND ne contient pas de fichier d'annotations
INFO:root:La ressource oai:crdo.vjf.cnrs.fr:crdo-TYJ_SINGING7_SOUND ne contient pas de fichier d'annotations
INFO:root:La ressource oai:crdo.vjf.cnrs.fr:crdo-TYJ_SINGING5_SOUND ne contient pas de fichier d'annotations
INFO:root:La ressource oai:crdo.vjf.cnrs.fr:crdo-TYJ_CONVERSATION_SOUND ne contient pas de fichier d'annotations
INFO:root:La ressource oai:crdo.vjf.cnrs.fr:crdo-TYJ_VOCABULARY1_SOUND ne contient pas de fichier d'annotations
INFO:root:La ressource oai:crdo.vjf.cnrs.fr:crdo-TYJ_VOCABULARY1_IMG ne contient pas de fichier d'annotations
INFO:root:La ressource oai:crdo.vjf.cnrs.fr:crdo-TYJ_VOCABULARY2_SOUND ne contient pas de fichier d'annotations
INFO:root:La ressource oai:crdo.vjf.cnrs.fr:crdo-TYJ_VOCABULARY2_IMG ne contient pas de fichier d'annotations
INFO:root:La ressource oai:crdo.vjf.cnrs.fr:crdo-TYJ_VOCABULARY3_SOUND ne contient pas de fichier d'annotations
INFO:root:La ressource oai:crdo.vjf.cnrs.fr:crdo-TYJ_VOCABULARY3_IMG ne contient pas de fichier d'annotations
INFO:root:La ressource oai:crdo.vjf.cnrs.fr:crdo-TYJ_VOCABULARY4_SOUND ne contient pas de fichier d'annotations
INFO:root:La ressource oai:crdo.vjf.cnrs.fr:crdo-TYJ_VOCABULARY4_IMG ne contient pas de fichier d'annotations
INFO:root:La ressource oai:crdo.vjf.cnrs.fr:crdo-TYJ_VOCABULARY5_SOUND ne contient pas de fichier d'annotations
INFO:root:La ressource oai:crdo.vjf.cnrs.fr:crdo-TYJ_VOCABULARY5_IMG ne contient pas de fichier d'annotations
INFO:root:La ressource oai:crdo.vjf.cnrs.fr:crdo-VIE_PHONGNHA_TONES_M1_SOUND ne contient pas de fichier d'annotations
INFO:root:La ressource oai:crdo.vjf.cnrs.fr:crdo-VIE_PHONGNHA_TONES_M2_SOUND ne contient pas de fichier d'annotations
INFO:root:La ressource oai:crdo.vjf.cnrs.fr:crdo-VIE_PHONGNHA_VOC1_M1_SOUND ne contient pas de fichier d'annotations
INFO:root:La ressource oai:crdo.vjf.cnrs.fr:crdo-VIE_PHONGNHA_VOC1_M2_SOUND ne contient pas de fichier d'annotations
INFO:root:La ressource oai:crdo.vjf.cnrs.fr:crdo-VIE_PHONGNHA_VOC10_M1_SOUND ne contient pas de fichier d'annotations
INFO:root:La ressource oai:crdo.vjf.cnrs.fr:crdo-VIE_PHONGNHA_VOC10_M2_SOUND ne contient pas de fichier d'annotations
INFO:root:La ressource oai:crdo.vjf.cnrs.fr:crdo-VIE_PHONGNHA_VOC2_M1_SOUND ne contient pas de fichier d'annotations
INFO:root:La ressource oai:crdo.vjf.cnrs.fr:crdo-VIE_PHONGNHA_VOC2_M2_SOUND ne contient pas de fichier d'annotations
INFO:root:La ressource oai:crdo.vjf.cnrs.fr:crdo-VIE_PHONGNHA_VOC3_M1_SOUND ne contient pas de fichier d'annotations
INFO:root:La ressource oai:crdo.vjf.cnrs.fr:crdo-VIE_PHONGNHA_VOC3_M2_SOUND ne contient pas de fichier d'annotations
INFO:root:La ressource oai:crdo.vjf.cnrs.fr:crdo-VIE_PHONGNHA_VOC4_M1_SOUND ne contient pas de fichier d'annotations
INFO:root:La ressource oai:crdo.vjf.cnrs.fr:crdo-VIE_PHONGNHA_VOC4_M2_SOUND ne contient pas de fichier d'annotations
INFO:root:La ressource oai:crdo.vjf.cnrs.fr:crdo-VIE_PHONGNHA_VOC5_M1_SOUND ne contient pas de fichier d'annotations
INFO:root:La ressource oai:crdo.vjf.cnrs.fr:crdo-VIE_PHONGNHA_VOC5_M2_SOUND ne contient pas de fichier d'annotations
INFO:root:La ressource oai:crdo.vjf.cnrs.fr:crdo-VIE_PHONGNHA_VOC6_M1_SOUND ne contient pas de fichier d'annotations
INFO:root:La ressource oai:crdo.vjf.cnrs.fr:crdo-VIE_PHONGNHA_VOC6_M2_SOUND ne contient pas de fichier d'annotations
INFO:root:La ressource oai:crdo.vjf.cnrs.fr:crdo-VIE_PHONGNHA_VOC7_M1_SOUND ne contient pas de fichier d'annotations
INFO:root:La ressource oai:crdo.vjf.cnrs.fr:crdo-VIE_PHONGNHA_VOC7_M2_SOUND ne contient pas de fichier d'annotations
INFO:root:La ressource oai:crdo.vjf.cnrs.fr:crdo-VIE_PHONGNHA_VOC8_M1_SOUND ne contient pas de fichier d'annotations
INFO:root:La ressource oai:crdo.vjf.cnrs.fr:crdo-VIE_PHONGNHA_VOC8_M2_SOUND ne contient pas de fichier d'annotations
INFO:root:La ressource oai:crdo.vjf.cnrs.fr:crdo-VIE_PHONGNHA_VOC9_M1_SOUND ne contient pas de fichier d'annotations
INFO:root:La ressource oai:crdo.vjf.cnrs.fr:crdo-VIE_PHONGNHA_VOC9_M2_SOUND ne contient pas de fichier d'annotations
INFO:root:La ressource oai:crdo.vjf.cnrs.fr:crdo-NRU_F4_DEM_CL_SOUND ne contient pas de fichier d'annotations
INFO:root:La ressource oai:crdo.vjf.cnrs.fr:crdo-NRU_F4_DEM_CL2_SOUND ne contient pas de fichier d'annotations
INFO:root:La ressource oai:crdo.vjf.cnrs.fr:crdo-NRU_F4_DEM_CL3_SOUND ne contient pas de fichier d'annotations
INFO:root:La ressource oai:crdo.vjf.cnrs.fr:crdo-CMN_M31_COMINGOFAGE_SOUND ne contient pas de fichier d'annotations
INFO:root:La ressource oai:crdo.vjf.cnrs.fr:crdo-NRU_M31_COMINGOFAGE_SOUND ne contient pas de fichier d'annotations
INFO:root:La ressource oai:crdo.vjf.cnrs.fr:crdo-NRU_M31_NUM_CL_SOUND ne contient pas de fichier d'annotations
INFO:root:La ressource oai:crdo.vjf.cnrs.fr:crdo-NRU_M31_TONES_SOUND ne contient pas de fichier d'annotations
INFO:root:La ressource oai:crdo.vjf.cnrs.fr:crdo-NXQ_PIANDING_FAMILY_STORY_SOUND ne contient pas de fichier d'annotations
INFO:root:La ressource oai:crdo.vjf.cnrs.fr:crdo-NXQ_PIANDING_SYLLABLES_SOUND ne contient pas de fichier d'annotations
INFO:root:La ressource oai:crdo.vjf.cnrs.fr:crdo-TYJ_IDIOMS_page1_IMG ne contient pas de fichier d'annotations
INFO:root:La ressource oai:crdo.vjf.cnrs.fr:crdo-TYJ_IDIOMS_page2_IMG ne contient pas de fichier d'annotations
INFO:root:La ressource oai:crdo.vjf.cnrs.fr:crdo-TYJ_IDIOMS_page3_IMG ne contient pas de fichier d'annotations
INFO:root:La ressource oai:crdo.vjf.cnrs.fr:crdo-TYJ_IDIOMS_page4_IMG ne contient pas de fichier d'annotations
INFO:root:La ressource oai:crdo.vjf.cnrs.fr:crdo-TYJ_IDIOMS_page5_IMG ne contient pas de fichier d'annotations
INFO:root:La ressource oai:crdo.vjf.cnrs.fr:crdo-TYJ_IDIOMS_page6_IMG ne contient pas de fichier d'annotations
INFO:root:La ressource oai:crdo.vjf.cnrs.fr:crdo-NXQ_F1_ORIGIN_SOUND ne contient pas de fichier d'annotations
ERROR:root:Le lien http://cocoon.huma-num.fr/data/michaud/masters/nxq/crdo-NXQ_F1_ORIGIN.xml ne fonctionne pas
INFO:root:La ressource oai:crdo.vjf.cnrs.fr:crdo-MYA_003_ZHC_IMG ne contient pas de fichier d'annotations
INFO:root:La ressource oai:crdo.vjf.cnrs.fr:crdo-MYA_004_PL_SOUND ne contient pas de fichier d'annotations
INFO:root:La ressource oai:crdo.vjf.cnrs.fr:crdo-TYJ_EFEO_MS_TH9_COMREAD5_SOUND ne contient pas de fichier d'annotations
INFO:root:La ressource oai:crdo.vjf.cnrs.fr:crdo-MYA_004_PL_IMG ne contient pas de fichier d'annotations
INFO:root:La ressource oai:crdo.vjf.cnrs.fr:crdo-MYA_005_PAGODE_SOUND ne contient pas de fichier d'annotations
INFO:root:La ressource oai:crdo.vjf.cnrs.fr:crdo-MYA_005_PAGODE_IMG ne contient pas de fichier d'annotations
INFO:root:La ressource oai:crdo.vjf.cnrs.fr:crdo-MYA_006_ROI_SOUND ne contient pas de fichier d'annotations
INFO:root:La ressource oai:crdo.vjf.cnrs.fr:crdo-MYA_006_ROI_IMG ne contient pas de fichier d'annotations
INFO:root:La ressource oai:crdo.vjf.cnrs.fr:crdo-MYA_007_MYINKABA1_SOUND ne contient pas de fichier d'annotations
INFO:root:La ressource oai:crdo.vjf.cnrs.fr:crdo-MYA_007_MYINKABA1_IMG ne contient pas de fichier d'annotations
INFO:root:La ressource oai:crdo.vjf.cnrs.fr:crdo-MYA_008_MYINKABA2_IMG ne contient pas de fichier d'annotations
INFO:root:La ressource oai:crdo.vjf.cnrs.fr:crdo-NEP_DAURE_SOUND ne contient pas de fichier d'annotations
INFO:root:La ressource oai:crdo.vjf.cnrs.fr:crdo-NGE_FOURMI_SOUND ne contient pas de fichier d'annotations
INFO:root:La ressource oai:crdo.vjf.cnrs.fr:crdo-NGE_HOUSE_SOUND ne contient pas de fichier d'annotations
INFO:root:La ressource oai:crdo.vjf.cnrs.fr:crdo-LHU_LAHU_JM_20_SOUND ne contient pas de fichier d'annotations
INFO:root:La ressource oai:crdo.vjf.cnrs.fr:crdo-AJI_IGNAME_SOUND ne contient pas de fichier d'annotations
INFO:root:La ressource oai:crdo.vjf.cnrs.fr:crdo-TAJ_MOINEAU_SOUND ne contient pas de fichier d'annotations
INFO:root:La ressource oai:crdo.vjf.cnrs.fr:crdo-TAJ_ORIGTAM_SOUND ne contient pas de fichier d'annotations
INFO:root:La ressource oai:crdo.vjf.cnrs.fr:crdo-UBY_POISSON_SOUND ne contient pas de fichier d'annotations
INFO:root:La ressource oai:crdo.vjf.cnrs.fr:crdo-UBY_POISSON_IMG ne contient pas de fichier d'annotations
INFO:root:La ressource oai:crdo.vjf.cnrs.fr:crdo-UBY_POISSON_IMG2 ne contient pas de fichier d'annotations
INFO:root:La ressource oai:crdo.vjf.cnrs.fr:crdo-UBY_CHEVRE_SOUND ne contient pas de fichier d'annotations
INFO:root:La ressource oai:crdo.vjf.cnrs.fr:crdo-UBY_CHEVRE_IMG ne contient pas de fichier d'annotations
INFO:root:La ressource oai:crdo.vjf.cnrs.fr:crdo-UBY_FIN_DU_MONDE_SOUND ne contient pas de fichier d'annotations
INFO:root:La ressource oai:crdo.vjf.cnrs.fr:crdo-UBY_FIN_DU_MONDE_IMG ne contient pas de fichier d'annotations
INFO:root:La ressource oai:crdo.vjf.cnrs.fr:crdo-UBY_HODJA_SOUND ne contient pas de fichier d'annotations
INFO:root:La ressource oai:crdo.vjf.cnrs.fr:crdo-UBY_HODJA_IMG ne contient pas de fichier d'annotations
INFO:root:La ressource oai:crdo.vjf.cnrs.fr:crdo-UBY_NARTES_SOUND ne contient pas de fichier d'annotations
INFO:root:La ressource oai:crdo.vjf.cnrs.fr:crdo-UBY_EXODE_SOUND ne contient pas de fichier d'annotations
INFO:root:La ressource oai:crdo.vjf.cnrs.fr:crdo-UBY_VOYAGE_SOUND ne contient pas de fichier d'annotations
INFO:root:La ressource oai:crdo.vjf.cnrs.fr:crdo-NBF_ENTERREEVIVE_SOUND ne contient pas de fichier d'annotations
INFO:root:La ressource oai:crdo.vjf.cnrs.fr:crdo-NBF_FEMMECELESTE_SOUND ne contient pas de fichier d'annotations
INFO:root:La ressource oai:crdo.vjf.cnrs.fr:crdo-NRU_MARIAGE_DE_LA_SOEUR_V1_SOUND ne contient pas de fichier d'annotations
INFO:root:La ressource oai:crdo.vjf.cnrs.fr:crdo-NRU_Mariage_De_La_Soeur_V2_SOUND ne contient pas de fichier d'annotations
INFO:root:La ressource oai:crdo.vjf.cnrs.fr:crdo-NRU_Mariage_De_La_Soeur_V3_SOUND ne contient pas de fichier d'annotations
INFO:root:La ressource oai:crdo.vjf.cnrs.fr:crdo-NRU_Naissance_du_Lac_V1_SOUND ne contient pas de fichier d'annotations
INFO:root:La ressource oai:crdo.vjf.cnrs.fr:crdo-NRU_Naissance_du_Lac_V2_SOUND ne contient pas de fichier d'annotations
INFO:root:La ressource oai:crdo.vjf.cnrs.fr:crdo-NRU_Naissance_du_Lac_V3_SOUND ne contient pas de fichier d'annotations
INFO:root:La ressource oai:crdo.vjf.cnrs.fr:crdo-NRU_Naissance_du_Lac_V4_SOUND ne contient pas de fichier d'annotations
INFO:root:La ressource oai:crdo.vjf.cnrs.fr:crdo-NXQ_FILLE_UNIQUE_SOUND ne contient pas de fichier d'annotations
INFO:root:La ressource oai:crdo.vjf.cnrs.fr:crdo-NBF_TOADCHILD_SOUND ne contient pas de fichier d'annotations
INFO:root:La ressource oai:crdo.vjf.cnrs.fr:crdo-NRU_H1_CHUNKS_001_SOUND ne contient pas de fichier d'annotations
INFO:root:La ressource oai:crdo.vjf.cnrs.fr:crdo-NRU_H1_CHUNKS_002_SOUND ne contient pas de fichier d'annotations
INFO:root:La ressource oai:crdo.vjf.cnrs.fr:crdo-NRU_H1_CHUNKS_003_SOUND ne contient pas de fichier d'annotations
INFO:root:La ressource oai:crdo.vjf.cnrs.fr:crdo-NRU_H1_HANDSPAN_001_SOUND ne contient pas de fichier d'annotations
INFO:root:La ressource oai:crdo.vjf.cnrs.fr:crdo-NRU_H2_DAY_001_SOUND ne contient pas de fichier d'annotations
INFO:root:La ressource oai:crdo.vjf.cnrs.fr:crdo-NRU_H2_DAY_002_SOUND ne contient pas de fichier d'annotations
INFO:root:La ressource oai:crdo.vjf.cnrs.fr:crdo-NRU_H2_DAY_003_SOUND ne contient pas de fichier d'annotations
INFO:root:La ressource oai:crdo.vjf.cnrs.fr:crdo-NRU_L1_MONETARYUNIT_001_SOUND ne contient pas de fichier d'annotations
INFO:root:La ressource oai:crdo.vjf.cnrs.fr:crdo-NRU_L1_MONETARYUNIT_002_SOUND ne contient pas de fichier d'annotations
INFO:root:La ressource oai:crdo.vjf.cnrs.fr:crdo-NRU_L1_MONETARYUNIT_003_SOUND ne contient pas de fichier d'annotations
INFO:root:La ressource oai:crdo.vjf.cnrs.fr:crdo-NRU_L1_ROADSECTION_001_SOUND ne contient pas de fichier d'annotations
INFO:root:La ressource oai:crdo.vjf.cnrs.fr:crdo-NRU_L1_SETOFTWO_001_SOUND ne contient pas de fichier d'annotations
INFO:root:La ressource oai:crdo.vjf.cnrs.fr:crdo-NRU_L2_ARMSPAN_001_SOUND ne contient pas de fichier d'annotations
INFO:root:La ressource oai:crdo.vjf.cnrs.fr:crdo-NRU_L2_ARMSPAN_002_SOUND ne contient pas de fichier d'annotations
INFO:root:La ressource oai:crdo.vjf.cnrs.fr:crdo-NRU_L2_BIRDS_001_SOUND ne contient pas de fichier d'annotations
INFO:root:La ressource oai:crdo.vjf.cnrs.fr:crdo-NRU_L2_BIRDS_002_SOUND ne contient pas de fichier d'annotations
INFO:root:La ressource oai:crdo.vjf.cnrs.fr:crdo-NRU_L2_MEALS_001_SOUND ne contient pas de fichier d'annotations
INFO:root:La ressource oai:crdo.vjf.cnrs.fr:crdo-NRU_L2_OUNCES_001_SOUND ne contient pas de fichier d'annotations
INFO:root:La ressource oai:crdo.vjf.cnrs.fr:crdo-NRU_L2_ROPE_001_SOUND ne contient pas de fichier d'annotations
INFO:root:La ressource oai:crdo.vjf.cnrs.fr:crdo-NRU_L2_ROPE_002_SOUND ne contient pas de fichier d'annotations
INFO:root:La ressource oai:crdo.vjf.cnrs.fr:crdo-NRU_L2_ROPE_003_SOUND ne contient pas de fichier d'annotations
INFO:root:La ressource oai:crdo.vjf.cnrs.fr:crdo-NRU_L2_TIMES_001_SOUND ne contient pas de fichier d'annotations
INFO:root:La ressource oai:crdo.vjf.cnrs.fr:crdo-NRU_L2_TREES_001_SOUND ne contient pas de fichier d'annotations
INFO:root:La ressource oai:crdo.vjf.cnrs.fr:crdo-NRU_L3_BUNDLEOFHAY_001_SOUND ne contient pas de fichier d'annotations
INFO:root:La ressource oai:crdo.vjf.cnrs.fr:crdo-NRU_L3_BUNDLEOFHAY_002_SOUND ne contient pas de fichier d'annotations
INFO:root:La ressource oai:crdo.vjf.cnrs.fr:crdo-NRU_M1_HANDFUL_001_SOUND ne contient pas de fichier d'annotations
INFO:root:La ressource oai:crdo.vjf.cnrs.fr:crdo-NRU_M1_HEAP_001_SOUND ne contient pas de fichier d'annotations
INFO:root:La ressource oai:crdo.vjf.cnrs.fr:crdo-NRU_M1_KNIFE_001_SOUND ne contient pas de fichier d'annotations
INFO:root:La ressource oai:crdo.vjf.cnrs.fr:crdo-NRU_M1_KNIFE_002_SOUND ne contient pas de fichier d'annotations
INFO:root:La ressource oai:crdo.vjf.cnrs.fr:crdo-NRU_M1_KNIFE_003_SOUND ne contient pas de fichier d'annotations
INFO:root:La ressource oai:crdo.vjf.cnrs.fr:crdo-NRU_M2_MONTH_001_SOUND ne contient pas de fichier d'annotations
INFO:root:La ressource oai:crdo.vjf.cnrs.fr:crdo-NRU_M2_PAIRS_001_SOUND ne contient pas de fichier d'annotations
INFO:root:La ressource oai:crdo.vjf.cnrs.fr:crdo-NRU_M2_ROUNDOBJECTS_001_SOUND ne contient pas de fichier d'annotations
INFO:root:La ressource oai:crdo.vjf.cnrs.fr:crdo-NRU_MH1_MEMBEROFPAIR_001_SOUND ne contient pas de fichier d'annotations
INFO:root:La ressource oai:crdo.vjf.cnrs.fr:crdo-NRU_MH1_POUND_001_SOUND ne contient pas de fichier d'annotations
INFO:root:La ressource oai:crdo.vjf.cnrs.fr:crdo-NRU_MH1_YEAR_001_SOUND ne contient pas de fichier d'annotations
INFO:root:La ressource oai:crdo.vjf.cnrs.fr:crdo-NRU_MH1_YEAR_002_SOUND ne contient pas de fichier d'annotations
INFO:root:La ressource oai:crdo.vjf.cnrs.fr:crdo-NRU_MH1_YEAR_003_SOUND ne contient pas de fichier d'annotations
INFO:root:La ressource oai:crdo.vjf.cnrs.fr:crdo-NRU_MH2_PEOPLE_001_SOUND ne contient pas de fichier d'annotations
INFO:root:La ressource oai:crdo.vjf.cnrs.fr:crdo-NRU_MH2_PEOPLE_002_SOUND ne contient pas de fichier d'annotations
INFO:root:La ressource oai:crdo.vjf.cnrs.fr:crdo-NRU_VERIFICATIONS_001_SOUND ne contient pas de fichier d'annotations
INFO:root:La ressource oai:crdo.vjf.cnrs.fr:crdo-NXQ_TOM_BA_RITUALS_SOUND ne contient pas de fichier d'annotations
INFO:root:La ressource oai:crdo.vjf.cnrs.fr:crdo-NXQ_CULT_OF_HEAVEN_SOUND ne contient pas de fichier d'annotations
INFO:root:La ressource oai:crdo.vjf.cnrs.fr:crdo-NXQ_LIFE_STORY_SOUND ne contient pas de fichier d'annotations
INFO:root:La ressource oai:crdo.vjf.cnrs.fr:crdo-NRU_AGRICULTURAL_ACTIVITIES_SOUND ne contient pas de fichier d'annotations
INFO:root:La ressource oai:crdo.vjf.cnrs.fr:crdo-NRU_DOG_SOUND ne contient pas de fichier d'annotations
INFO:root:La ressource oai:crdo.vjf.cnrs.fr:crdo-NRU_TIGER_SOUND ne contient pas de fichier d'annotations
INFO:root:La ressource oai:crdo.vjf.cnrs.fr:crdo-NRU_F4_REWARD_SOUND ne contient pas de fichier d'annotations
INFO:root:La ressource oai:crdo.vjf.cnrs.fr:crdo-NRU_F4_HOUSEBUILDING_SOUND ne contient pas de fichier d'annotations
INFO:root:La ressource oai:crdo.vjf.cnrs.fr:crdo-NRU_F4_TONE1TO4_SOUND ne contient pas de fichier d'annotations
INFO:root:La ressource oai:crdo.vjf.cnrs.fr:crdo-NRU_F4_TONE5_SOUND ne contient pas de fichier d'annotations
INFO:root:La ressource oai:crdo.vjf.cnrs.fr:crdo-NRU_F4_TONE6_SOUND ne contient pas de fichier d'annotations
INFO:root:La ressource oai:crdo.vjf.cnrs.fr:crdo-NRU_F4_TONE7_SOUND ne contient pas de fichier d'annotations
INFO:root:La ressource oai:crdo.vjf.cnrs.fr:crdo-NRU_F4_TONE8TO10_SOUND ne contient pas de fichier d'annotations
INFO:root:La ressource oai:crdo.vjf.cnrs.fr:crdo-NRU_F4_TONE11_SOUND ne contient pas de fichier d'annotations
INFO:root:La ressource oai:crdo.vjf.cnrs.fr:crdo-NRU_F4_TONE12_SOUND ne contient pas de fichier d'annotations
INFO:root:La ressource oai:crdo.vjf.cnrs.fr:crdo-NRU_F4_TONE13_SOUND ne contient pas de fichier d'annotations
INFO:root:La ressource oai:crdo.vjf.cnrs.fr:crdo-NRU_F4_TONE14_SOUND ne contient pas de fichier d'annotations
INFO:root:La ressource oai:crdo.vjf.cnrs.fr:crdo-NRU_F4_TONE15_SOUND ne contient pas de fichier d'annotations
INFO:root:La ressource oai:crdo.vjf.cnrs.fr:crdo-NRU_F4_PALATALIZED_APICALIZED_SOUND ne contient pas de fichier d'annotations
INFO:root:La ressource oai:crdo.vjf.cnrs.fr:crdo-NRU_F4_TONE_VERB1_SOUND ne contient pas de fichier d'annotations
INFO:root:La ressource oai:crdo.vjf.cnrs.fr:crdo-NRU_F4_TONE_VERB2_SOUND ne contient pas de fichier d'annotations
INFO:root:La ressource oai:crdo.vjf.cnrs.fr:crdo-NRU_F4_TONE_VERB3_SOUND ne contient pas de fichier d'annotations
INFO:root:La ressource oai:crdo.vjf.cnrs.fr:crdo-NXQ_F9_SONG1_SOUND ne contient pas de fichier d'annotations
INFO:root:La ressource oai:crdo.vjf.cnrs.fr:crdo-NXQ_F9_SONG2_SOUND ne contient pas de fichier d'annotations
INFO:root:La ressource oai:crdo.vjf.cnrs.fr:crdo-NXQ_F9_SONG3_SOUND ne contient pas de fichier d'annotations
INFO:root:La ressource oai:crdo.vjf.cnrs.fr:crdo-NXQ_F9_SONG4_SOUND ne contient pas de fichier d'annotations
INFO:root:La ressource oai:crdo.vjf.cnrs.fr:crdo-NXQ_F9_SONG5_SOUND ne contient pas de fichier d'annotations
INFO:root:La ressource oai:crdo.vjf.cnrs.fr:crdo-NXQ_F9_SONG6_SOUND ne contient pas de fichier d'annotations
INFO:root:La ressource oai:crdo.vjf.cnrs.fr:crdo-NRU_M28_DAPE_SOUND ne contient pas de fichier d'annotations
INFO:root:La ressource oai:crdo.vjf.cnrs.fr:crdo-NRU_M28_DOG_SOUND ne contient pas de fichier d'annotations
INFO:root:La ressource oai:crdo.vjf.cnrs.fr:crdo-NRU_M28_FLOOD_SOUND ne contient pas de fichier d'annotations
INFO:root:La ressource oai:crdo.vjf.cnrs.fr:crdo-NRU_M28_SISTER_SOUND ne contient pas de fichier d'annotations
INFO:root:La ressource oai:crdo.vjf.cnrs.fr:crdo-NRU_M28_TRICKSTER_SOUND ne contient pas de fichier d'annotations
INFO:root:La ressource oai:crdo.vjf.cnrs.fr:crdo-NRU_M28_VOCABULARY_SOUND ne contient pas de fichier d'annotations
INFO:root:La ressource oai:crdo.vjf.cnrs.fr:crdo-NRU_F4_TONEPEOPLES_SOUND ne contient pas de fichier d'annotations
INFO:root:La ressource oai:crdo.vjf.cnrs.fr:crdo-NBF_F7_SONG_SOUND ne contient pas de fichier d'annotations
INFO:root:La ressource oai:crdo.vjf.cnrs.fr:crdo-NBF_F10_SONG_SOUND ne contient pas de fichier d'annotations
INFO:root:La ressource oai:crdo.vjf.cnrs.fr:crdo-NBF_F11_NURSERY_RHYME_SOUND ne contient pas de fichier d'annotations
INFO:root:La ressource oai:crdo.vjf.cnrs.fr:crdo-NBF_F11_SONG1_SOUND ne contient pas de fichier d'annotations
INFO:root:La ressource oai:crdo.vjf.cnrs.fr:crdo-NBF_F11_SONG2_SOUND ne contient pas de fichier d'annotations
INFO:root:La ressource oai:crdo.vjf.cnrs.fr:crdo-NBF_F11_SONG3_SOUND ne contient pas de fichier d'annotations
INFO:root:La ressource oai:crdo.vjf.cnrs.fr:crdo-NBF_F11_SONG4_SOUND ne contient pas de fichier d'annotations
INFO:root:La ressource oai:crdo.vjf.cnrs.fr:crdo-NBF_M20_LIFESTORY_SOUND ne contient pas de fichier d'annotations
INFO:root:La ressource oai:crdo.vjf.cnrs.fr:crdo-NBF_M20_NARRATIVE1_SOUND ne contient pas de fichier d'annotations
INFO:root:La ressource oai:crdo.vjf.cnrs.fr:crdo-NBF_M20_NARRATIVE2_SOUND ne contient pas de fichier d'annotations
INFO:root:La ressource oai:crdo.vjf.cnrs.fr:crdo-NBF_M20_NARRATIVE3_SOUND ne contient pas de fichier d'annotations
INFO:root:La ressource oai:crdo.vjf.cnrs.fr:crdo-NBF_M20_RITUAL1_SOUND ne contient pas de fichier d'annotations
INFO:root:La ressource oai:crdo.vjf.cnrs.fr:crdo-NBF_M20_RITUAL2_SOUND ne contient pas de fichier d'annotations
INFO:root:La ressource oai:crdo.vjf.cnrs.fr:crdo-NBF_M20_RITUAL3_SOUND ne contient pas de fichier d'annotations
INFO:root:La ressource oai:crdo.vjf.cnrs.fr:crdo-NBF_M20_RITUAL4_SOUND ne contient pas de fichier d'annotations
INFO:root:La ressource oai:crdo.vjf.cnrs.fr:crdo-NBF_M20_RITUAL5_SOUND ne contient pas de fichier d'annotations
INFO:root:La ressource oai:crdo.vjf.cnrs.fr:crdo-NBF_M20_RITUAL6_SOUND ne contient pas de fichier d'annotations
INFO:root:La ressource oai:crdo.vjf.cnrs.fr:crdo-NBF_M20_RITUAL7_SOUND ne contient pas de fichier d'annotations
INFO:root:La ressource oai:crdo.vjf.cnrs.fr:crdo-NBF_M20_RITUAL8_SOUND ne contient pas de fichier d'annotations
INFO:root:La ressource oai:crdo.vjf.cnrs.fr:crdo-NBF_M20_RITUAL9_SOUND ne contient pas de fichier d'annotations
INFO:root:La ressource oai:crdo.vjf.cnrs.fr:crdo-NBF_M20_RITUAL10_SOUND ne contient pas de fichier d'annotations
INFO:root:La ressource oai:crdo.vjf.cnrs.fr:crdo-NBF_M20_RITUAL11_SOUND ne contient pas de fichier d'annotations
INFO:root:La ressource oai:crdo.vjf.cnrs.fr:crdo-NBF_M20_SONG_SOUND ne contient pas de fichier d'annotations
INFO:root:La ressource oai:crdo.vjf.cnrs.fr:crdo-NRU_F4_VERB_REDUPL_2012_SOUND ne contient pas de fichier d'annotations
INFO:root:La ressource oai:crdo.vjf.cnrs.fr:crdo-NRU_F4_ACCOMP_PFV_SOUND ne contient pas de fichier d'annotations
INFO:root:La ressource oai:crdo.vjf.cnrs.fr:crdo-NRU_F4_VERB_DURATIVE_2007_SOUND ne contient pas de fichier d'annotations
INFO:root:La ressource oai:crdo.vjf.cnrs.fr:crdo-NRU_F4_VERB_PROHIB_2007_SOUND ne contient pas de fichier d'annotations
INFO:root:La ressource oai:crdo.vjf.cnrs.fr:crdo-NRU_F4_VERB_PROHIB_2008_SOUND ne contient pas de fichier d'annotations
INFO:root:La ressource oai:crdo.vjf.cnrs.fr:crdo-NRU_F4_VERB_REDUPL_2007_SOUND ne contient pas de fichier d'annotations
INFO:root:La ressource oai:crdo.vjf.cnrs.fr:crdo-NRU_F4_TONE_NOUNSINFRAME_2007_SOUND ne contient pas de fichier d'annotations
INFO:root:La ressource oai:crdo.vjf.cnrs.fr:crdo-NRU_F4_CARAVANS_SOUND ne contient pas de fichier d'annotations
INFO:root:La ressource oai:crdo.vjf.cnrs.fr:crdo-NRU_F4_ELDERS3_SOUND ne contient pas de fichier d'annotations
INFO:root:La ressource oai:crdo.vjf.cnrs.fr:crdo-NRU_F4_RENAMING_SOUND ne contient pas de fichier d'annotations
INFO:root:La ressource oai:crdo.vjf.cnrs.fr:crdo-NRU_F4_BURIEDALIVE2_SOUND ne contient pas de fichier d'annotations
INFO:root:La ressource oai:crdo.vjf.cnrs.fr:crdo-NRU_F4_BURIEDALIVE3_SOUND ne contient pas de fichier d'annotations
INFO:root:La ressource oai:crdo.vjf.cnrs.fr:crdo-NRU_F4_HEALING_SOUND ne contient pas de fichier d'annotations
INFO:root:La ressource oai:crdo.vjf.cnrs.fr:crdo-NRU_F4_SEEDS2_SOUND ne contient pas de fichier d'annotations
INFO:root:La ressource oai:crdo.vjf.cnrs.fr:crdo-NRU_F4_AGRICULTURE2_SOUND ne contient pas de fichier d'annotations
INFO:root:La ressource oai:crdo.vjf.cnrs.fr:crdo-NRU_F4_TIGER2_SOUND ne contient pas de fichier d'annotations
INFO:root:La ressource oai:crdo.vjf.cnrs.fr:crdo-NRU_F4_SEEDS_SOUND ne contient pas de fichier d'annotations
INFO:root:La ressource oai:crdo.vjf.cnrs.fr:crdo-NRU_F4_HOUSEBUILDING2_SOUND ne contient pas de fichier d'annotations
INFO:root:La ressource oai:crdo.vjf.cnrs.fr:crdo-NRU_F4_ELDERS_SOUND ne contient pas de fichier d'annotations
INFO:root:La ressource oai:crdo.vjf.cnrs.fr:crdo-NRU_F4_ELDERS2_SOUND ne contient pas de fichier d'annotations
INFO:root:La ressource oai:crdo.vjf.cnrs.fr:crdo-NRU_F4_ELDERS4_SOUND ne contient pas de fichier d'annotations
INFO:root:La ressource oai:crdo.vjf.cnrs.fr:crdo-NRU_F4_ELDERS5_SOUND ne contient pas de fichier d'annotations
INFO:root:La ressource oai:crdo.vjf.cnrs.fr:crdo-NRU_F4_DOG2_SOUND ne contient pas de fichier d'annotations
INFO:root:La ressource oai:crdo.vjf.cnrs.fr:crdo-NRU_F4_BURIEDALIVE_SOUND ne contient pas de fichier d'annotations
INFO:root:La ressource oai:crdo.vjf.cnrs.fr:crdo-NRU_F4_FOOD_SHORTAGE_SOUND ne contient pas de fichier d'annotations
INFO:root:La ressource oai:crdo.vjf.cnrs.fr:crdo-NRU_F4_SPATIAL_ORIENTATION_SOUND ne contient pas de fichier d'annotations
INFO:root:La ressource oai:crdo.vjf.cnrs.fr:crdo-NRU_F4_COORDINATIVE_COMPOUNDS_SOUND ne contient pas de fichier d'annotations
INFO:root:La ressource oai:crdo.vjf.cnrs.fr:crdo-NRU_F4_NOUNS_SPATIAL_ORIENTATION_SOUND ne contient pas de fichier d'annotations
INFO:root:La ressource oai:crdo.vjf.cnrs.fr:crdo-NRU_F4_TONE_EVEN_SOUND ne contient pas de fichier d'annotations
INFO:root:La ressource oai:crdo.vjf.cnrs.fr:crdo-NRU_F4_TONE_OBJECT_VERB_2012_SOUND ne contient pas de fichier d'annotations
INFO:root:La ressource oai:crdo.vjf.cnrs.fr:crdo-NRU_F4_TONE_ONLY_AND_SOUND ne contient pas de fichier d'annotations
INFO:root:La ressource oai:crdo.vjf.cnrs.fr:crdo-NRU_F4_FUNERAL_SOUND ne contient pas de fichier d'annotations
INFO:root:La ressource oai:crdo.vjf.cnrs.fr:crdo-NRU_F4_MOUNTAINS_SOUND ne contient pas de fichier d'annotations
INFO:root:La ressource oai:crdo.vjf.cnrs.fr:crdo-NRU_F4_POSSESSION_PRONOUNS_SOUND ne contient pas de fichier d'annotations
INFO:root:La ressource oai:crdo.vjf.cnrs.fr:crdo-NRU_F4_FUNERAL_CUSTOM_SOUND ne contient pas de fichier d'annotations
INFO:root:La ressource oai:crdo.vjf.cnrs.fr:crdo-NRU_F4_ADOPTING_PETS_SOUND ne contient pas de fichier d'annotations
INFO:root:La ressource oai:crdo.vjf.cnrs.fr:crdo-NRU_F4_ASHES_SOUND ne contient pas de fichier d'annotations
INFO:root:La ressource oai:crdo.vjf.cnrs.fr:crdo-NRU_F4_BEGGARS_SOUND ne contient pas de fichier d'annotations
INFO:root:La ressource oai:crdo.vjf.cnrs.fr:crdo-NRU_F4_BELIEF_IN_GHOSTS_SOUND ne contient pas de fichier d'annotations
INFO:root:La ressource oai:crdo.vjf.cnrs.fr:crdo-NRU_F4_BENEVOLENCE_SOUND ne contient pas de fichier d'annotations
INFO:root:La ressource oai:crdo.vjf.cnrs.fr:crdo-NRU_F4_BOUNDARIES_SOUND ne contient pas de fichier d'annotations
INFO:root:La ressource oai:crdo.vjf.cnrs.fr:crdo-NRU_F4_CHICKEN_DIVINATION_SOUND ne contient pas de fichier d'annotations
INFO:root:La ressource oai:crdo.vjf.cnrs.fr:crdo-NRU_F4_CHILDREN_SOUND ne contient pas de fichier d'annotations
INFO:root:La ressource oai:crdo.vjf.cnrs.fr:crdo-NRU_F4_CHOOSING_A_DABA_SOUND ne contient pas de fichier d'annotations
INFO:root:La ressource oai:crdo.vjf.cnrs.fr:crdo-NRU_F4_COMING_OF_AGE_SOUND ne contient pas de fichier d'annotations
INFO:root:La ressource oai:crdo.vjf.cnrs.fr:crdo-NRU_F4_COMING_OF_AGE2_SOUND ne contient pas de fichier d'annotations
INFO:root:La ressource oai:crdo.vjf.cnrs.fr:crdo-NRU_F4_CONVERSATIONS_OF_YORE_SOUND ne contient pas de fichier d'annotations
INFO:root:La ressource oai:crdo.vjf.cnrs.fr:crdo-NRU_F4_COOKING_SOUND ne contient pas de fichier d'annotations
INFO:root:La ressource oai:crdo.vjf.cnrs.fr:crdo-NRU_F4_COOKING_HABITS_SOUND ne contient pas de fichier d'annotations
INFO:root:La ressource oai:crdo.vjf.cnrs.fr:crdo-NRU_F4_DABA_SOUND ne contient pas de fichier d'annotations
INFO:root:La ressource oai:crdo.vjf.cnrs.fr:crdo-NRU_F4_DABA2_SOUND ne contient pas de fichier d'annotations
INFO:root:La ressource oai:crdo.vjf.cnrs.fr:crdo-NRU_F4_DANCING_DEMON_SOUND ne contient pas de fichier d'annotations
INFO:root:La ressource oai:crdo.vjf.cnrs.fr:crdo-NRU_F4_DEMISE_OF_PRESERVED_PIG_SOUND ne contient pas de fichier d'annotations
INFO:root:La ressource oai:crdo.vjf.cnrs.fr:crdo-NRU_F4_DEMON_SOUND ne contient pas de fichier d'annotations
INFO:root:La ressource oai:crdo.vjf.cnrs.fr:crdo-NRU_F4_DEMON2_SOUND ne contient pas de fichier d'annotations
INFO:root:La ressource oai:crdo.vjf.cnrs.fr:crdo-NRU_F4_DOMESTIC_ANIMALS_SOUND ne contient pas de fichier d'annotations
INFO:root:La ressource oai:crdo.vjf.cnrs.fr:crdo-NRU_F4_DOMESTIC_ANIMALS2_SOUND ne contient pas de fichier d'annotations
INFO:root:La ressource oai:crdo.vjf.cnrs.fr:crdo-NRU_F4_DOMESTIC_ANIMALS3_SOUND ne contient pas de fichier d'annotations
INFO:root:La ressource oai:crdo.vjf.cnrs.fr:crdo-NRU_F4_DOMESTIC_ANIMALS4_SOUND ne contient pas de fichier d'annotations
INFO:root:La ressource oai:crdo.vjf.cnrs.fr:crdo-NRU_F4_DUMB_CHILDREN_SOUND ne contient pas de fichier d'annotations
INFO:root:La ressource oai:crdo.vjf.cnrs.fr:crdo-NRU_F4_FEASTS_SOUND ne contient pas de fichier d'annotations
INFO:root:La ressource oai:crdo.vjf.cnrs.fr:crdo-NRU_F4_FISHING_SOUND ne contient pas de fichier d'annotations
INFO:root:La ressource oai:crdo.vjf.cnrs.fr:crdo-NRU_F4_FOLK_ETYMOLOGY_SOUND ne contient pas de fichier d'annotations
INFO:root:La ressource oai:crdo.vjf.cnrs.fr:crdo-NRU_F4_FOUNDING_NEW_HOME_SOUND ne contient pas de fichier d'annotations
INFO:root:La ressource oai:crdo.vjf.cnrs.fr:crdo-NRU_F4_GHOSTS_SOUND ne contient pas de fichier d'annotations
INFO:root:La ressource oai:crdo.vjf.cnrs.fr:crdo-NRU_F4_GHOSTS_AND_SPIRITS_SOUND ne contient pas de fichier d'annotations
INFO:root:La ressource oai:crdo.vjf.cnrs.fr:crdo-NRU_F4_HOW_I_LEARNT_AUDIO_SOUND ne contient pas de fichier d'annotations
INFO:root:La ressource oai:crdo.vjf.cnrs.fr:crdo-NRU_F4_INTRODUCTION_SOUND ne contient pas de fichier d'annotations
INFO:root:La ressource oai:crdo.vjf.cnrs.fr:crdo-NRU_F4_LIFESTORY_SOUND ne contient pas de fichier d'annotations
INFO:root:La ressource oai:crdo.vjf.cnrs.fr:crdo-NRU_F4_LONESOME_ELDERS_SOUND ne contient pas de fichier d'annotations
INFO:root:La ressource oai:crdo.vjf.cnrs.fr:crdo-NRU_F4_MARKET_SOUND ne contient pas de fichier d'annotations
INFO:root:La ressource oai:crdo.vjf.cnrs.fr:crdo-NRU_F4_MONGOLIAN_VISIT_SOUND ne contient pas de fichier d'annotations
INFO:root:La ressource oai:crdo.vjf.cnrs.fr:crdo-NRU_F4_MUSHROOMS_SOUND ne contient pas de fichier d'annotations
INFO:root:La ressource oai:crdo.vjf.cnrs.fr:crdo-NRU_F4_NA_SOCIETY_SOUND ne contient pas de fichier d'annotations
INFO:root:La ressource oai:crdo.vjf.cnrs.fr:crdo-NRU_F4_NAMES_SOUND ne contient pas de fichier d'annotations
INFO:root:La ressource oai:crdo.vjf.cnrs.fr:crdo-NRU_F4_NAXI_DISCUSSIONS_SOUND ne contient pas de fichier d'annotations
INFO:root:La ressource oai:crdo.vjf.cnrs.fr:crdo-NRU_F4_PRIESTS_SOUND ne contient pas de fichier d'annotations
INFO:root:La ressource oai:crdo.vjf.cnrs.fr:crdo-NRU_F4_RICE_SOUND ne contient pas de fichier d'annotations
INFO:root:La ressource oai:crdo.vjf.cnrs.fr:crdo-NRU_F4_SHOES_SOUND ne contient pas de fichier d'annotations
INFO:root:La ressource oai:crdo.vjf.cnrs.fr:crdo-NRU_F4_SINGING_SOUND ne contient pas de fichier d'annotations
INFO:root:La ressource oai:crdo.vjf.cnrs.fr:crdo-NRU_F4_SPIRITS_SOUND ne contient pas de fichier d'annotations
INFO:root:La ressource oai:crdo.vjf.cnrs.fr:crdo-NRU_F4_STREAMERS_SOUND ne contient pas de fichier d'annotations
INFO:root:La ressource oai:crdo.vjf.cnrs.fr:crdo-NRU_F4_SWING_SOUND ne contient pas de fichier d'annotations
INFO:root:La ressource oai:crdo.vjf.cnrs.fr:crdo-NRU_F4_SWORD_SOUND ne contient pas de fichier d'annotations
INFO:root:La ressource oai:crdo.vjf.cnrs.fr:crdo-NRU_F4_TABOOS_SOUND ne contient pas de fichier d'annotations
INFO:root:La ressource oai:crdo.vjf.cnrs.fr:crdo-NRU_F4_TAKING_CHARGE_OF_RITUALS_SOUND ne contient pas de fichier d'annotations
INFO:root:La ressource oai:crdo.vjf.cnrs.fr:crdo-NRU_F4_TERRESTRIAL_BRANCHES_SOUND ne contient pas de fichier d'annotations
INFO:root:La ressource oai:crdo.vjf.cnrs.fr:crdo-NRU_F4_TOOTH_AUDIO_SOUND ne contient pas de fichier d'annotations
INFO:root:La ressource oai:crdo.vjf.cnrs.fr:crdo-NRU_F4_TRADER_AND_HIS_SON_AUDIO_SOUND ne contient pas de fichier d'annotations
INFO:root:La ressource oai:crdo.vjf.cnrs.fr:crdo-NRU_F4_TRADING_AUDIO_SOUND ne contient pas de fichier d'annotations
INFO:root:La ressource oai:crdo.vjf.cnrs.fr:crdo-NRU_F4_VAMPIRE_SOUND ne contient pas de fichier d'annotations
INFO:root:La ressource oai:crdo.vjf.cnrs.fr:crdo-NXQ_M7_LEARNING_HEQSHUL_SOUND ne contient pas de fichier d'annotations
INFO:root:La ressource oai:crdo.vjf.cnrs.fr:crdo-NXQ_M7_LEARNING_SCRIPTURES_SOUND ne contient pas de fichier d'annotations
INFO:root:La ressource oai:crdo.vjf.cnrs.fr:crdo-NXQ_M7_LIFESPAN_SOUND ne contient pas de fichier d'annotations
INFO:root:La ressource oai:crdo.vjf.cnrs.fr:crdo-NXQ_M7_SISTER_SOUND ne contient pas de fichier d'annotations
INFO:root:La ressource oai:crdo.vjf.cnrs.fr:crdo-NXQ_M7_SVQGGVQ_SOUND ne contient pas de fichier d'annotations
INFO:root:La ressource oai:crdo.vjf.cnrs.fr:crdo-NXQ_M7_HEQSHUL_SOUND ne contient pas de fichier d'annotations
INFO:root:La ressource oai:crdo.vjf.cnrs.fr:crdo-NXQ_M7_HEQSHUL_MS_SOUND ne contient pas de fichier d'annotations
INFO:root:La ressource oai:crdo.vjf.cnrs.fr:crdo-NXQ_BAIDIMUSIC_1_SOUND ne contient pas de fichier d'annotations
INFO:root:La ressource oai:crdo.vjf.cnrs.fr:crdo-NXQ_BAIDIMUSIC_2_SOUND ne contient pas de fichier d'annotations
INFO:root:La ressource oai:crdo.vjf.cnrs.fr:crdo-NXQ_BAIDIMUSIC_3_SOUND ne contient pas de fichier d'annotations
INFO:root:La ressource oai:crdo.vjf.cnrs.fr:crdo-NXQ_BAIDIMUSIC_4_SOUND ne contient pas de fichier d'annotations
INFO:root:La ressource oai:crdo.vjf.cnrs.fr:crdo-NXQ_BAIDIMUSIC_5_SOUND ne contient pas de fichier d'annotations
INFO:root:La ressource oai:crdo.vjf.cnrs.fr:crdo-NXQ_BAIDIMUSIC_6_SOUND ne contient pas de fichier d'annotations
INFO:root:La ressource oai:crdo.vjf.cnrs.fr:crdo-NXQ_BAIDIMUSIC_7_SOUND ne contient pas de fichier d'annotations
INFO:root:La ressource oai:crdo.vjf.cnrs.fr:crdo-NXQ_BAIDIMUSIC_8_SOUND ne contient pas de fichier d'annotations
INFO:root:La ressource oai:crdo.vjf.cnrs.fr:crdo-NXQ_BAIDIMUSIC_9_SOUND ne contient pas de fichier d'annotations
INFO:root:La ressource oai:crdo.vjf.cnrs.fr:crdo-NXQ_BAIDIMUSIC_10_SOUND ne contient pas de fichier d'annotations
INFO:root:La ressource oai:crdo.vjf.cnrs.fr:crdo-NXQ_BAIDIMUSIC_11_SOUND ne contient pas de fichier d'annotations
INFO:root:La ressource oai:crdo.vjf.cnrs.fr:crdo-NXQ_BAIDIMUSIC_12_SOUND ne contient pas de fichier d'annotations
INFO:root:La ressource oai:crdo.vjf.cnrs.fr:crdo-NXQ_BAIDIMUSIC_13_SOUND ne contient pas de fichier d'annotations
INFO:root:La ressource oai:crdo.vjf.cnrs.fr:crdo-NXQ_BAIDIMUSIC_14_SOUND ne contient pas de fichier d'annotations
INFO:root:La ressource oai:crdo.vjf.cnrs.fr:crdo-NRU_F4_FOOD_SHORTAGE2_SOUND ne contient pas de fichier d'annotations
INFO:root:La ressource oai:crdo.vjf.cnrs.fr:crdo-NRU_F4_TOOTH2_SOUND ne contient pas de fichier d'annotations
INFO:root:La ressource oai:crdo.vjf.cnrs.fr:crdo-NRU_F4_COORDINATIVE_COMPOUNDS2_SOUND ne contient pas de fichier d'annotations
INFO:root:La ressource oai:crdo.vjf.cnrs.fr:crdo-NBF_TOADCHILD2_SOUND ne contient pas de fichier d'annotations
INFO:root:La ressource oai:crdo.vjf.cnrs.fr:crdo-NXQ_M27_JOKE_ORIGINAL_SOUND ne contient pas de fichier d'annotations
INFO:root:La ressource oai:crdo.vjf.cnrs.fr:crdo-NXQ_M27_JOKE_EDITED_SOUND ne contient pas de fichier d'annotations
INFO:root:La ressource oai:crdo.vjf.cnrs.fr:crdo-NXQ_M27_JOKE2_ORIGINAL_SOUND ne contient pas de fichier d'annotations
INFO:root:La ressource oai:crdo.vjf.cnrs.fr:crdo-NXQ_M27_JOKE2_EDITED_SOUND ne contient pas de fichier d'annotations
INFO:root:La ressource oai:crdo.vjf.cnrs.fr:crdo-NXQ_M27_JOKE3_ORIGINAL_SOUND ne contient pas de fichier d'annotations
INFO:root:La ressource oai:crdo.vjf.cnrs.fr:crdo-NXQ_M27_JOKE3_EDITED_SOUND ne contient pas de fichier d'annotations
INFO:root:La ressource oai:crdo.vjf.cnrs.fr:crdo-NXQ_FILLE_UNIQUE2_SOUND ne contient pas de fichier d'annotations
INFO:root:La ressource oai:crdo.vjf.cnrs.fr:crdo-VIE_M4_DIALOGUE1_SOUND ne contient pas de fichier d'annotations
INFO:root:La ressource oai:crdo.vjf.cnrs.fr:crdo-VIE_M4_DIALOGUE2_SOUND ne contient pas de fichier d'annotations
INFO:root:La ressource oai:crdo.vjf.cnrs.fr:crdo-VIE_M5_DIALOGUE1_SOUND ne contient pas de fichier d'annotations
INFO:root:La ressource oai:crdo.vjf.cnrs.fr:crdo-VIE_M5_DIALOGUE2_SOUND ne contient pas de fichier d'annotations
INFO:root:La ressource oai:crdo.vjf.cnrs.fr:crdo-VIE_M4M5_DIALOGUES1_SOUND ne contient pas de fichier d'annotations
INFO:root:La ressource oai:crdo.vjf.cnrs.fr:crdo-VIE_M4M5_DIALOGUES2_SOUND ne contient pas de fichier d'annotations
INFO:root:La ressource oai:crdo.vjf.cnrs.fr:crdo-VIE_M5_D1_EXCERPTS_SOUND ne contient pas de fichier d'annotations
INFO:root:La ressource oai:crdo.vjf.cnrs.fr:crdo-VIE_M4_D2_EXCERPTS_SOUND ne contient pas de fichier d'annotations
INFO:root:La ressource oai:crdo.vjf.cnrs.fr:crdo-VIE_M6_SIM_DIAL_SOUND ne contient pas de fichier d'annotations
INFO:root:La ressource oai:crdo.vjf.cnrs.fr:crdo-VIE_M7_SIM_DIAL_SOUND ne contient pas de fichier d'annotations
INFO:root:La ressource oai:crdo.vjf.cnrs.fr:crdo-VIE_M4_SMOOTHTONES_SOUND ne contient pas de fichier d'annotations
INFO:root:La ressource oai:crdo.vjf.cnrs.fr:crdo-VIE_M5_SMOOTHTONES_SOUND ne contient pas de fichier d'annotations
INFO:root:La ressource oai:crdo.vjf.cnrs.fr:crdo-VIE_M6_SMOOTHTONES_SOUND ne contient pas de fichier d'annotations
INFO:root:La ressource oai:crdo.vjf.cnrs.fr:crdo-VIE_M7_SMOOTHTONES_SOUND ne contient pas de fichier d'annotations
INFO:root:La ressource oai:crdo.vjf.cnrs.fr:crdo-NXQ_RITUAL_READING_SOUND ne contient pas de fichier d'annotations
INFO:root:La ressource oai:crdo.vjf.cnrs.fr:crdo-NXQ_RITUAL_CHANTING_SOUND ne contient pas de fichier d'annotations
INFO:root:La ressource oai:crdo.vjf.cnrs.fr:crdo-NXQ_KEE_KEEL_SOUND ne contient pas de fichier d'annotations
INFO:root:La ressource oai:crdo.vjf.cnrs.fr:crdo-NXQ_LIFE_STORY2_SOUND ne contient pas de fichier d'annotations
INFO:root:La ressource oai:crdo.vjf.cnrs.fr:crdo-NXQ_RITUAL_LOVERS_SOUND ne contient pas de fichier d'annotations
INFO:root:La ressource oai:crdo.vjf.cnrs.fr:crdo-NXQ_GREAT_PRAYER_SOUND ne contient pas de fichier d'annotations
INFO:root:La ressource oai:crdo.vjf.cnrs.fr:crdo-NXQ_XUQ_JJIL_SOUND ne contient pas de fichier d'annotations
INFO:root:La ressource oai:crdo.vjf.cnrs.fr:crdo-NXQ_ALILI_SOUND ne contient pas de fichier d'annotations
INFO:root:La ressource oai:crdo.vjf.cnrs.fr:crdo-NXQ_JEW_HARP_SOUND ne contient pas de fichier d'annotations
INFO:root:La ressource oai:crdo.vjf.cnrs.fr:crdo-NXQ_M17_ALILI_SOUND ne contient pas de fichier d'annotations
INFO:root:La ressource oai:crdo.vjf.cnrs.fr:crdo-NXQ_M17_PARROT_SONG_EXP_SOUND ne contient pas de fichier d'annotations
INFO:root:La ressource oai:crdo.vjf.cnrs.fr:crdo-NXQ_M17_PARROT_SONG_SOUND ne contient pas de fichier d'annotations
INFO:root:La ressource oai:crdo.vjf.cnrs.fr:crdo-NXQ_M17_M32_LOVERS_SONG_SOUND ne contient pas de fichier d'annotations
INFO:root:La ressource oai:crdo.vjf.cnrs.fr:crdo-NXQ_M32_LOVERS_SONG_EXP_SOUND ne contient pas de fichier d'annotations
INFO:root:La ressource oai:crdo.vjf.cnrs.fr:crdo-NXQ_M32_A_SONG_SOUND ne contient pas de fichier d'annotations
INFO:root:La ressource oai:crdo.vjf.cnrs.fr:crdo-NXQ_M10_TRICKSTER_SOUND ne contient pas de fichier d'annotations
INFO:root:La ressource oai:crdo.vjf.cnrs.fr:crdo-NXQ_CIENDING_READ_VOCABULARY_SOUND ne contient pas de fichier d'annotations
INFO:root:La ressource oai:crdo.vjf.cnrs.fr:crdo-NRU_F5_AHABALA1_SOUND ne contient pas de fichier d'annotations
INFO:root:La ressource oai:crdo.vjf.cnrs.fr:crdo-NRU_F5_AHABALA2_SOUND ne contient pas de fichier d'annotations
INFO:root:La ressource oai:crdo.vjf.cnrs.fr:crdo-NRU_F5_HINAMI_SOUND ne contient pas de fichier d'annotations
INFO:root:La ressource oai:crdo.vjf.cnrs.fr:crdo-NRU_F5_SONG_CHAIRMAN_MAO_SOUND ne contient pas de fichier d'annotations
INFO:root:La ressource oai:crdo.vjf.cnrs.fr:crdo-NRU_F5_SONG_NA_CHINESE_SOUND ne contient pas de fichier d'annotations
INFO:root:La ressource oai:crdo.vjf.cnrs.fr:crdo-NRU_F5_SONG_TIB_SOUND ne contient pas de fichier d'annotations
INFO:root:La ressource oai:crdo.vjf.cnrs.fr:crdo-NXQ_M5_MONOSYLLINFRAME_C_TOP_SOUND ne contient pas de fichier d'annotations
INFO:root:La ressource oai:crdo.vjf.cnrs.fr:crdo-NXQ_M5_MONOSYLLINFRAME_I_SOUND ne contient pas de fichier d'annotations
INFO:root:La ressource oai:crdo.vjf.cnrs.fr:crdo-NXQ_M5_MONOSYLLINFRAME_I_TOP_SOUND ne contient pas de fichier d'annotations
INFO:root:La ressource oai:crdo.vjf.cnrs.fr:crdo-NXQ_M5_MONOSYLLINFRAME_R_C_SOUND ne contient pas de fichier d'annotations
INFO:root:La ressource oai:crdo.vjf.cnrs.fr:crdo-NXQ_M5_MONOSYLLINFRAME_R_I_SOUND ne contient pas de fichier d'annotations
INFO:root:La ressource oai:crdo.vjf.cnrs.fr:crdo-NXQ_M5_MONOSYLLINFRAME_R_I2_SOUND ne contient pas de fichier d'annotations
INFO:root:La ressource oai:crdo.vjf.cnrs.fr:crdo-NXQ_M7_MONOSYLLINFRAME_C_SOUND ne contient pas de fichier d'annotations
INFO:root:La ressource oai:crdo.vjf.cnrs.fr:crdo-NXQ_M7_MONOSYLLINFRAME_I_SOUND ne contient pas de fichier d'annotations
INFO:root:La ressource oai:crdo.vjf.cnrs.fr:crdo-NXQ_M9_MONOSYLLINFRAME_C_SOUND ne contient pas de fichier d'annotations
INFO:root:La ressource oai:crdo.vjf.cnrs.fr:crdo-NXQ_M9_MONOSYLLINFRAME_I_SOUND ne contient pas de fichier d'annotations
INFO:root:La ressource oai:crdo.vjf.cnrs.fr:crdo-NXQ_F2_MONOSYLLINFRAME_C_SOUND ne contient pas de fichier d'annotations
INFO:root:La ressource oai:crdo.vjf.cnrs.fr:crdo-NXQ_F2_MONOSYLLINFRAME_I_SOUND ne contient pas de fichier d'annotations
INFO:root:La ressource oai:crdo.vjf.cnrs.fr:crdo-TYJ_NARRATIVE1_SOUND ne contient pas de fichier d'annotations
INFO:root:La ressource oai:crdo.vjf.cnrs.fr:crdo-TYJ_SINGING8_SOUND ne contient pas de fichier d'annotations
INFO:root:La ressource oai:crdo.vjf.cnrs.fr:crdo-TYJ_SINGING8_IMG ne contient pas de fichier d'annotations
INFO:root:La ressource oai:crdo.vjf.cnrs.fr:crdo-TYJ_NARRATIVE3_SOUND ne contient pas de fichier d'annotations
INFO:root:La ressource oai:crdo.vjf.cnrs.fr:crdo-TYJ_NARRATIVE2_SOUND ne contient pas de fichier d'annotations
INFO:root:La ressource oai:crdo.vjf.cnrs.fr:crdo-TYJ_IDIOMS_SOUND ne contient pas de fichier d'annotations
INFO:root:La ressource oai:crdo.vjf.cnrs.fr:crdo-TYJ_SINGING2_SOUND ne contient pas de fichier d'annotations
INFO:root:La ressource oai:crdo.vjf.cnrs.fr:crdo-TYJ_SINGING4_SOUND ne contient pas de fichier d'annotations
INFO:root:La ressource oai:crdo.vjf.cnrs.fr:crdo-TYJ_SINGING6_SOUND ne contient pas de fichier d'annotations
INFO:root:La ressource oai:crdo.vjf.cnrs.fr:crdo-TYJ_SINGING3_SOUND ne contient pas de fichier d'annotations
INFO:root:La ressource oai:crdo.vjf.cnrs.fr:crdo-TYJ_SINGING1_SOUND ne contient pas de fichier d'annotations
INFO:root:La ressource oai:crdo.vjf.cnrs.fr:crdo-TYJ_SINGING7_SOUND ne contient pas de fichier d'annotations
INFO:root:La ressource oai:crdo.vjf.cnrs.fr:crdo-TYJ_SINGING5_SOUND ne contient pas de fichier d'annotations
INFO:root:La ressource oai:crdo.vjf.cnrs.fr:crdo-TYJ_CONVERSATION_SOUND ne contient pas de fichier d'annotations
INFO:root:La ressource oai:crdo.vjf.cnrs.fr:crdo-TYJ_VOCABULARY1_SOUND ne contient pas de fichier d'annotations
INFO:root:La ressource oai:crdo.vjf.cnrs.fr:crdo-TYJ_VOCABULARY1_IMG ne contient pas de fichier d'annotations
INFO:root:La ressource oai:crdo.vjf.cnrs.fr:crdo-TYJ_VOCABULARY2_SOUND ne contient pas de fichier d'annotations
INFO:root:La ressource oai:crdo.vjf.cnrs.fr:crdo-TYJ_VOCABULARY2_IMG ne contient pas de fichier d'annotations
INFO:root:La ressource oai:crdo.vjf.cnrs.fr:crdo-TYJ_VOCABULARY3_SOUND ne contient pas de fichier d'annotations
INFO:root:La ressource oai:crdo.vjf.cnrs.fr:crdo-TYJ_VOCABULARY3_IMG ne contient pas de fichier d'annotations
INFO:root:La ressource oai:crdo.vjf.cnrs.fr:crdo-TYJ_VOCABULARY4_SOUND ne contient pas de fichier d'annotations
INFO:root:La ressource oai:crdo.vjf.cnrs.fr:crdo-TYJ_VOCABULARY4_IMG ne contient pas de fichier d'annotations
INFO:root:La ressource oai:crdo.vjf.cnrs.fr:crdo-TYJ_VOCABULARY5_SOUND ne contient pas de fichier d'annotations
INFO:root:La ressource oai:crdo.vjf.cnrs.fr:crdo-TYJ_VOCABULARY5_IMG ne contient pas de fichier d'annotations
INFO:root:La ressource oai:crdo.vjf.cnrs.fr:crdo-VIE_PHONGNHA_TONES_M1_SOUND ne contient pas de fichier d'annotations
INFO:root:La ressource oai:crdo.vjf.cnrs.fr:crdo-VIE_PHONGNHA_TONES_M2_SOUND ne contient pas de fichier d'annotations
INFO:root:La ressource oai:crdo.vjf.cnrs.fr:crdo-VIE_PHONGNHA_VOC1_M1_SOUND ne contient pas de fichier d'annotations
INFO:root:La ressource oai:crdo.vjf.cnrs.fr:crdo-VIE_PHONGNHA_VOC1_M2_SOUND ne contient pas de fichier d'annotations
INFO:root:La ressource oai:crdo.vjf.cnrs.fr:crdo-VIE_PHONGNHA_VOC10_M1_SOUND ne contient pas de fichier d'annotations
INFO:root:La ressource oai:crdo.vjf.cnrs.fr:crdo-VIE_PHONGNHA_VOC10_M2_SOUND ne contient pas de fichier d'annotations
INFO:root:La ressource oai:crdo.vjf.cnrs.fr:crdo-VIE_PHONGNHA_VOC2_M1_SOUND ne contient pas de fichier d'annotations
INFO:root:La ressource oai:crdo.vjf.cnrs.fr:crdo-VIE_PHONGNHA_VOC2_M2_SOUND ne contient pas de fichier d'annotations
INFO:root:La ressource oai:crdo.vjf.cnrs.fr:crdo-VIE_PHONGNHA_VOC3_M1_SOUND ne contient pas de fichier d'annotations
INFO:root:La ressource oai:crdo.vjf.cnrs.fr:crdo-VIE_PHONGNHA_VOC3_M2_SOUND ne contient pas de fichier d'annotations
INFO:root:La ressource oai:crdo.vjf.cnrs.fr:crdo-VIE_PHONGNHA_VOC4_M1_SOUND ne contient pas de fichier d'annotations
INFO:root:La ressource oai:crdo.vjf.cnrs.fr:crdo-VIE_PHONGNHA_VOC4_M2_SOUND ne contient pas de fichier d'annotations
INFO:root:La ressource oai:crdo.vjf.cnrs.fr:crdo-VIE_PHONGNHA_VOC5_M1_SOUND ne contient pas de fichier d'annotations
INFO:root:La ressource oai:crdo.vjf.cnrs.fr:crdo-VIE_PHONGNHA_VOC5_M2_SOUND ne contient pas de fichier d'annotations
INFO:root:La ressource oai:crdo.vjf.cnrs.fr:crdo-VIE_PHONGNHA_VOC6_M1_SOUND ne contient pas de fichier d'annotations
INFO:root:La ressource oai:crdo.vjf.cnrs.fr:crdo-VIE_PHONGNHA_VOC6_M2_SOUND ne contient pas de fichier d'annotations
INFO:root:La ressource oai:crdo.vjf.cnrs.fr:crdo-VIE_PHONGNHA_VOC7_M1_SOUND ne contient pas de fichier d'annotations
INFO:root:La ressource oai:crdo.vjf.cnrs.fr:crdo-VIE_PHONGNHA_VOC7_M2_SOUND ne contient pas de fichier d'annotations
INFO:root:La ressource oai:crdo.vjf.cnrs.fr:crdo-VIE_PHONGNHA_VOC8_M1_SOUND ne contient pas de fichier d'annotations
INFO:root:La ressource oai:crdo.vjf.cnrs.fr:crdo-VIE_PHONGNHA_VOC8_M2_SOUND ne contient pas de fichier d'annotations
INFO:root:La ressource oai:crdo.vjf.cnrs.fr:crdo-VIE_PHONGNHA_VOC9_M1_SOUND ne contient pas de fichier d'annotations
INFO:root:La ressource oai:crdo.vjf.cnrs.fr:crdo-VIE_PHONGNHA_VOC9_M2_SOUND ne contient pas de fichier d'annotations
INFO:root:La ressource oai:crdo.vjf.cnrs.fr:crdo-NRU_F4_DEM_CL_SOUND ne contient pas de fichier d'annotations
INFO:root:La ressource oai:crdo.vjf.cnrs.fr:crdo-NRU_F4_DEM_CL2_SOUND ne contient pas de fichier d'annotations
INFO:root:La ressource oai:crdo.vjf.cnrs.fr:crdo-NRU_F4_DEM_CL3_SOUND ne contient pas de fichier d'annotations
INFO:root:La ressource oai:crdo.vjf.cnrs.fr:crdo-CMN_M31_COMINGOFAGE_SOUND ne contient pas de fichier d'annotations
INFO:root:La ressource oai:crdo.vjf.cnrs.fr:crdo-NRU_M31_COMINGOFAGE_SOUND ne contient pas de fichier d'annotations
INFO:root:La ressource oai:crdo.vjf.cnrs.fr:crdo-NRU_M31_NUM_CL_SOUND ne contient pas de fichier d'annotations
INFO:root:La ressource oai:crdo.vjf.cnrs.fr:crdo-NRU_M31_TONES_SOUND ne contient pas de fichier d'annotations
INFO:root:La ressource oai:crdo.vjf.cnrs.fr:crdo-NXQ_PIANDING_FAMILY_STORY_SOUND ne contient pas de fichier d'annotations
INFO:root:La ressource oai:crdo.vjf.cnrs.fr:crdo-NXQ_PIANDING_SYLLABLES_SOUND ne contient pas de fichier d'annotations
INFO:root:La ressource oai:crdo.vjf.cnrs.fr:crdo-TYJ_IDIOMS_page1_IMG ne contient pas de fichier d'annotations
INFO:root:La ressource oai:crdo.vjf.cnrs.fr:crdo-TYJ_IDIOMS_page2_IMG ne contient pas de fichier d'annotations
INFO:root:La ressource oai:crdo.vjf.cnrs.fr:crdo-TYJ_IDIOMS_page3_IMG ne contient pas de fichier d'annotations
INFO:root:La ressource oai:crdo.vjf.cnrs.fr:crdo-TYJ_IDIOMS_page4_IMG ne contient pas de fichier d'annotations
INFO:root:La ressource oai:crdo.vjf.cnrs.fr:crdo-TYJ_IDIOMS_page5_IMG ne contient pas de fichier d'annotations
INFO:root:La ressource oai:crdo.vjf.cnrs.fr:crdo-TYJ_IDIOMS_page6_IMG ne contient pas de fichier d'annotations
INFO:root:La ressource oai:crdo.vjf.cnrs.fr:crdo-NXQ_F1_ORIGIN_SOUND ne contient pas de fichier d'annotations
ERROR:root:Le lien http://cocoon.huma-num.fr/data/michaud/masters/nxq/crdo-NXQ_F1_ORIGIN.xml ne fonctionne pas
